[2024-03-22T18:52:04.498+0000] {taskinstance.py:1171} INFO - Dependencies all met for <TaskInstance: milestone3.fetch_data_from_progresql scheduled__2024-03-22T18:51:00+00:00 [queued]>
[2024-03-22T18:52:04.524+0000] {taskinstance.py:1171} INFO - Dependencies all met for <TaskInstance: milestone3.fetch_data_from_progresql scheduled__2024-03-22T18:51:00+00:00 [queued]>
[2024-03-22T18:52:04.524+0000] {taskinstance.py:1368} INFO - 
--------------------------------------------------------------------------------
[2024-03-22T18:52:04.524+0000] {taskinstance.py:1369} INFO - Starting attempt 1 of 2
[2024-03-22T18:52:04.524+0000] {taskinstance.py:1370} INFO - 
--------------------------------------------------------------------------------
[2024-03-22T18:52:04.538+0000] {taskinstance.py:1389} INFO - Executing <Task(PythonOperator): fetch_data_from_progresql> on 2024-03-22 18:51:00+00:00
[2024-03-22T18:52:04.553+0000] {standard_task_runner.py:52} INFO - Started process 1910 to run task
[2024-03-22T18:52:04.597+0000] {standard_task_runner.py:79} INFO - Running: ['***', 'tasks', 'run', 'milestone3', 'fetch_data_from_progresql', 'scheduled__2024-03-22T18:51:00+00:00', '--job-id', '208', '--raw', '--subdir', 'DAGS_FOLDER/P2M3_elia_DAG.py', '--cfg-path', '/tmp/tmpn25jjhse', '--error-file', '/tmp/tmp7htpczlu']
[2024-03-22T18:52:04.602+0000] {standard_task_runner.py:80} INFO - Job 208: Subtask fetch_data_from_progresql
[2024-03-22T18:52:04.875+0000] {task_command.py:371} INFO - Running <TaskInstance: milestone3.fetch_data_from_progresql scheduled__2024-03-22T18:51:00+00:00 [running]> on host b79cb602ca97
[2024-03-22T18:52:04.986+0000] {taskinstance.py:1583} INFO - Exporting the following env vars:
AIRFLOW_CTX_DAG_OWNER=elia
AIRFLOW_CTX_DAG_ID=milestone3
AIRFLOW_CTX_TASK_ID=fetch_data_from_progresql
AIRFLOW_CTX_EXECUTION_DATE=2024-03-22T18:51:00+00:00
AIRFLOW_CTX_TRY_NUMBER=1
AIRFLOW_CTX_DAG_RUN_ID=scheduled__2024-03-22T18:51:00+00:00
[2024-03-22T18:52:07.583+0000] {python.py:173} INFO - Done. Returned value was: None
[2024-03-22T18:52:07.819+0000] {taskinstance.py:1412} INFO - Marking task as SUCCESS. dag_id=milestone3, task_id=fetch_data_from_progresql, execution_date=20240322T185100, start_date=20240322T185204, end_date=20240322T185207
[2024-03-22T18:52:08.002+0000] {local_task_job.py:156} INFO - Task exited with return code 0
[2024-03-22T18:52:08.325+0000] {local_task_job.py:279} INFO - 0 downstream tasks scheduled from follow-on schedule check
[2024-03-22T18:52:53.112+0000] {taskinstance.py:1171} INFO - Dependencies all met for <TaskInstance: milestone3.fetch_data_from_progresql scheduled__2024-03-22T18:51:00+00:00 [queued]>
[2024-03-22T18:52:53.142+0000] {taskinstance.py:1171} INFO - Dependencies all met for <TaskInstance: milestone3.fetch_data_from_progresql scheduled__2024-03-22T18:51:00+00:00 [queued]>
[2024-03-22T18:52:53.143+0000] {taskinstance.py:1368} INFO - 
--------------------------------------------------------------------------------
[2024-03-22T18:52:53.143+0000] {taskinstance.py:1369} INFO - Starting attempt 1 of 2
[2024-03-22T18:52:53.143+0000] {taskinstance.py:1370} INFO - 
--------------------------------------------------------------------------------
[2024-03-22T18:52:53.174+0000] {taskinstance.py:1389} INFO - Executing <Task(PythonOperator): fetch_data_from_progresql> on 2024-03-22 18:51:00+00:00
[2024-03-22T18:52:53.186+0000] {standard_task_runner.py:52} INFO - Started process 1936 to run task
[2024-03-22T18:52:53.191+0000] {standard_task_runner.py:79} INFO - Running: ['***', 'tasks', 'run', 'milestone3', 'fetch_data_from_progresql', 'scheduled__2024-03-22T18:51:00+00:00', '--job-id', '212', '--raw', '--subdir', 'DAGS_FOLDER/P2M3_elia_DAG.py', '--cfg-path', '/tmp/tmpwi8yx0aq', '--error-file', '/tmp/tmp1i00udi1']
[2024-03-22T18:52:53.193+0000] {standard_task_runner.py:80} INFO - Job 212: Subtask fetch_data_from_progresql
[2024-03-22T18:52:53.285+0000] {task_command.py:371} INFO - Running <TaskInstance: milestone3.fetch_data_from_progresql scheduled__2024-03-22T18:51:00+00:00 [running]> on host b79cb602ca97
[2024-03-22T18:52:53.374+0000] {taskinstance.py:1583} INFO - Exporting the following env vars:
AIRFLOW_CTX_DAG_OWNER=elia
AIRFLOW_CTX_DAG_ID=milestone3
AIRFLOW_CTX_TASK_ID=fetch_data_from_progresql
AIRFLOW_CTX_EXECUTION_DATE=2024-03-22T18:51:00+00:00
AIRFLOW_CTX_TRY_NUMBER=1
AIRFLOW_CTX_DAG_RUN_ID=scheduled__2024-03-22T18:51:00+00:00
[2024-03-22T18:52:53.877+0000] {python.py:173} INFO - Done. Returned value was: None
[2024-03-22T18:52:53.897+0000] {taskinstance.py:1412} INFO - Marking task as SUCCESS. dag_id=milestone3, task_id=fetch_data_from_progresql, execution_date=20240322T185100, start_date=20240322T185253, end_date=20240322T185253
[2024-03-22T18:52:53.949+0000] {local_task_job.py:156} INFO - Task exited with return code 0
[2024-03-22T18:52:54.007+0000] {local_task_job.py:279} INFO - 1 downstream tasks scheduled from follow-on schedule check
