[2024-03-23T16:19:36.427+0000] {taskinstance.py:1171} INFO - Dependencies all met for <TaskInstance: milestone3.fetch_data_from_progresql manual__2024-03-23T16:19:35.486524+00:00 [queued]>
[2024-03-23T16:19:36.434+0000] {taskinstance.py:1171} INFO - Dependencies all met for <TaskInstance: milestone3.fetch_data_from_progresql manual__2024-03-23T16:19:35.486524+00:00 [queued]>
[2024-03-23T16:19:36.434+0000] {taskinstance.py:1368} INFO - 
--------------------------------------------------------------------------------
[2024-03-23T16:19:36.434+0000] {taskinstance.py:1369} INFO - Starting attempt 1 of 1
[2024-03-23T16:19:36.435+0000] {taskinstance.py:1370} INFO - 
--------------------------------------------------------------------------------
[2024-03-23T16:19:36.441+0000] {taskinstance.py:1389} INFO - Executing <Task(PythonOperator): fetch_data_from_progresql> on 2024-03-23 16:19:35.486524+00:00
[2024-03-23T16:19:36.446+0000] {standard_task_runner.py:52} INFO - Started process 331 to run task
[2024-03-23T16:19:36.448+0000] {standard_task_runner.py:79} INFO - Running: ['***', 'tasks', 'run', 'milestone3', 'fetch_data_from_progresql', 'manual__2024-03-23T16:19:35.486524+00:00', '--job-id', '446', '--raw', '--subdir', 'DAGS_FOLDER/P2M3_elia_DAG.py', '--cfg-path', '/tmp/tmp4urz8zhi', '--error-file', '/tmp/tmppvt5qlb5']
[2024-03-23T16:19:36.450+0000] {standard_task_runner.py:80} INFO - Job 446: Subtask fetch_data_from_progresql
[2024-03-23T16:19:36.513+0000] {task_command.py:371} INFO - Running <TaskInstance: milestone3.fetch_data_from_progresql manual__2024-03-23T16:19:35.486524+00:00 [running]> on host 34a721b32e14
[2024-03-23T16:19:36.563+0000] {taskinstance.py:1583} INFO - Exporting the following env vars:
AIRFLOW_CTX_DAG_OWNER=elia
AIRFLOW_CTX_DAG_ID=milestone3
AIRFLOW_CTX_TASK_ID=fetch_data_from_progresql
AIRFLOW_CTX_EXECUTION_DATE=2024-03-23T16:19:35.486524+00:00
AIRFLOW_CTX_TRY_NUMBER=1
AIRFLOW_CTX_DAG_RUN_ID=manual__2024-03-23T16:19:35.486524+00:00
[2024-03-23T16:19:36.957+0000] {python.py:173} INFO - Done. Returned value was: None
[2024-03-23T16:19:36.969+0000] {taskinstance.py:1412} INFO - Marking task as SUCCESS. dag_id=milestone3, task_id=fetch_data_from_progresql, execution_date=20240323T161935, start_date=20240323T161936, end_date=20240323T161936
[2024-03-23T16:19:37.003+0000] {local_task_job.py:156} INFO - Task exited with return code 0
[2024-03-23T16:19:37.037+0000] {local_task_job.py:279} INFO - 1 downstream tasks scheduled from follow-on schedule check
