[2024-03-22T19:23:49.977+0000] {taskinstance.py:1171} INFO - Dependencies all met for <TaskInstance: milestone3.clean_data manual__2024-03-22T19:23:44.170923+00:00 [queued]>
[2024-03-22T19:23:49.994+0000] {taskinstance.py:1171} INFO - Dependencies all met for <TaskInstance: milestone3.clean_data manual__2024-03-22T19:23:44.170923+00:00 [queued]>
[2024-03-22T19:23:49.995+0000] {taskinstance.py:1368} INFO - 
--------------------------------------------------------------------------------
[2024-03-22T19:23:49.995+0000] {taskinstance.py:1369} INFO - Starting attempt 1 of 2
[2024-03-22T19:23:49.995+0000] {taskinstance.py:1370} INFO - 
--------------------------------------------------------------------------------
[2024-03-22T19:23:50.010+0000] {taskinstance.py:1389} INFO - Executing <Task(PythonOperator): clean_data> on 2024-03-22 19:23:44.170923+00:00
[2024-03-22T19:23:50.027+0000] {standard_task_runner.py:52} INFO - Started process 2608 to run task
[2024-03-22T19:23:50.031+0000] {standard_task_runner.py:79} INFO - Running: ['***', 'tasks', 'run', 'milestone3', 'clean_data', 'manual__2024-03-22T19:23:44.170923+00:00', '--job-id', '308', '--raw', '--subdir', 'DAGS_FOLDER/P2M3_elia_DAG.py', '--cfg-path', '/tmp/tmpdfqah87t', '--error-file', '/tmp/tmp89w5oiqm']
[2024-03-22T19:23:50.032+0000] {standard_task_runner.py:80} INFO - Job 308: Subtask clean_data
[2024-03-22T19:23:50.104+0000] {task_command.py:371} INFO - Running <TaskInstance: milestone3.clean_data manual__2024-03-22T19:23:44.170923+00:00 [running]> on host b79cb602ca97
[2024-03-22T19:23:50.202+0000] {taskinstance.py:1583} INFO - Exporting the following env vars:
AIRFLOW_CTX_DAG_OWNER=elia
AIRFLOW_CTX_DAG_ID=milestone3
AIRFLOW_CTX_TASK_ID=clean_data
AIRFLOW_CTX_EXECUTION_DATE=2024-03-22T19:23:44.170923+00:00
AIRFLOW_CTX_TRY_NUMBER=1
AIRFLOW_CTX_DAG_RUN_ID=manual__2024-03-22T19:23:44.170923+00:00
[2024-03-22T19:23:50.647+0000] {python.py:173} INFO - Done. Returned value was: None
[2024-03-22T19:23:50.670+0000] {taskinstance.py:1412} INFO - Marking task as SUCCESS. dag_id=milestone3, task_id=clean_data, execution_date=20240322T192344, start_date=20240322T192349, end_date=20240322T192350
[2024-03-22T19:23:50.709+0000] {local_task_job.py:156} INFO - Task exited with return code 0
[2024-03-22T19:23:50.902+0000] {local_task_job.py:279} INFO - 1 downstream tasks scheduled from follow-on schedule check
