[2024-03-23T15:39:54.985+0000] {taskinstance.py:1171} INFO - Dependencies all met for <TaskInstance: milestone3.clean_data manual__2024-03-23T15:39:21.672758+00:00 [queued]>
[2024-03-23T15:39:55.000+0000] {taskinstance.py:1171} INFO - Dependencies all met for <TaskInstance: milestone3.clean_data manual__2024-03-23T15:39:21.672758+00:00 [queued]>
[2024-03-23T15:39:55.001+0000] {taskinstance.py:1368} INFO - 
--------------------------------------------------------------------------------
[2024-03-23T15:39:55.001+0000] {taskinstance.py:1369} INFO - Starting attempt 1 of 1
[2024-03-23T15:39:55.001+0000] {taskinstance.py:1370} INFO - 
--------------------------------------------------------------------------------
[2024-03-23T15:39:55.010+0000] {taskinstance.py:1389} INFO - Executing <Task(PythonOperator): clean_data> on 2024-03-23 15:39:21.672758+00:00
[2024-03-23T15:39:55.017+0000] {standard_task_runner.py:52} INFO - Started process 275 to run task
[2024-03-23T15:39:55.021+0000] {standard_task_runner.py:79} INFO - Running: ['***', 'tasks', 'run', 'milestone3', 'clean_data', 'manual__2024-03-23T15:39:21.672758+00:00', '--job-id', '424', '--raw', '--subdir', 'DAGS_FOLDER/P2M3_elia_DAG.py', '--cfg-path', '/tmp/tmpw55wx3ww', '--error-file', '/tmp/tmp85vdeuob']
[2024-03-23T15:39:55.022+0000] {standard_task_runner.py:80} INFO - Job 424: Subtask clean_data
[2024-03-23T15:39:55.193+0000] {task_command.py:371} INFO - Running <TaskInstance: milestone3.clean_data manual__2024-03-23T15:39:21.672758+00:00 [running]> on host 36f1cf8ef9fe
[2024-03-23T15:39:55.262+0000] {taskinstance.py:1583} INFO - Exporting the following env vars:
AIRFLOW_CTX_DAG_OWNER=elia
AIRFLOW_CTX_DAG_ID=milestone3
AIRFLOW_CTX_TASK_ID=clean_data
AIRFLOW_CTX_EXECUTION_DATE=2024-03-23T15:39:21.672758+00:00
AIRFLOW_CTX_TRY_NUMBER=1
AIRFLOW_CTX_DAG_RUN_ID=manual__2024-03-23T15:39:21.672758+00:00
[2024-03-23T15:39:55.586+0000] {python.py:173} INFO - Done. Returned value was: None
[2024-03-23T15:39:55.602+0000] {taskinstance.py:1412} INFO - Marking task as SUCCESS. dag_id=milestone3, task_id=clean_data, execution_date=20240323T153921, start_date=20240323T153954, end_date=20240323T153955
[2024-03-23T15:39:55.651+0000] {local_task_job.py:156} INFO - Task exited with return code 0
[2024-03-23T15:39:55.693+0000] {local_task_job.py:279} INFO - 1 downstream tasks scheduled from follow-on schedule check
