[2024-03-23T07:44:42.888+0000] {taskinstance.py:1171} INFO - Dependencies all met for <TaskInstance: milestone3.fetch_data_from_progresql scheduled__2024-03-23T07:00:00+00:00 [queued]>
[2024-03-23T07:44:43.056+0000] {taskinstance.py:1171} INFO - Dependencies all met for <TaskInstance: milestone3.fetch_data_from_progresql scheduled__2024-03-23T07:00:00+00:00 [queued]>
[2024-03-23T07:44:43.061+0000] {taskinstance.py:1368} INFO - 
--------------------------------------------------------------------------------
[2024-03-23T07:44:43.064+0000] {taskinstance.py:1369} INFO - Starting attempt 1 of 2
[2024-03-23T07:44:43.067+0000] {taskinstance.py:1370} INFO - 
--------------------------------------------------------------------------------
[2024-03-23T07:44:43.105+0000] {taskinstance.py:1389} INFO - Executing <Task(PythonOperator): fetch_data_from_progresql> on 2024-03-23 07:00:00+00:00
[2024-03-23T07:44:43.110+0000] {standard_task_runner.py:52} INFO - Started process 205 to run task
[2024-03-23T07:44:43.139+0000] {standard_task_runner.py:79} INFO - Running: ['***', 'tasks', 'run', 'milestone3', 'fetch_data_from_progresql', 'scheduled__2024-03-23T07:00:00+00:00', '--job-id', '356', '--raw', '--subdir', 'DAGS_FOLDER/P2M3_elia_DAG.py', '--cfg-path', '/tmp/tmpt62c_cg5', '--error-file', '/tmp/tmpgpflyhw2']
[2024-03-23T07:44:43.144+0000] {standard_task_runner.py:80} INFO - Job 356: Subtask fetch_data_from_progresql
[2024-03-23T07:44:43.665+0000] {task_command.py:371} INFO - Running <TaskInstance: milestone3.fetch_data_from_progresql scheduled__2024-03-23T07:00:00+00:00 [running]> on host 80b200fb75a8
[2024-03-23T07:44:44.114+0000] {taskinstance.py:1583} INFO - Exporting the following env vars:
AIRFLOW_CTX_DAG_OWNER=elia
AIRFLOW_CTX_DAG_ID=milestone3
AIRFLOW_CTX_TASK_ID=fetch_data_from_progresql
AIRFLOW_CTX_EXECUTION_DATE=2024-03-23T07:00:00+00:00
AIRFLOW_CTX_TRY_NUMBER=1
AIRFLOW_CTX_DAG_RUN_ID=scheduled__2024-03-23T07:00:00+00:00
[2024-03-23T07:44:45.798+0000] {python.py:173} INFO - Done. Returned value was: None
[2024-03-23T07:44:45.849+0000] {taskinstance.py:1412} INFO - Marking task as SUCCESS. dag_id=milestone3, task_id=fetch_data_from_progresql, execution_date=20240323T070000, start_date=20240323T074442, end_date=20240323T074445
[2024-03-23T07:44:45.885+0000] {local_task_job.py:156} INFO - Task exited with return code 0
[2024-03-23T07:44:45.992+0000] {local_task_job.py:279} INFO - 1 downstream tasks scheduled from follow-on schedule check
