[2024-03-22T19:00:04.924+0000] {taskinstance.py:1171} INFO - Dependencies all met for <TaskInstance: milestone3.clean_data scheduled__2024-03-22T18:59:00+00:00 [queued]>
[2024-03-22T19:00:04.930+0000] {taskinstance.py:1171} INFO - Dependencies all met for <TaskInstance: milestone3.clean_data scheduled__2024-03-22T18:59:00+00:00 [queued]>
[2024-03-22T19:00:04.930+0000] {taskinstance.py:1368} INFO - 
--------------------------------------------------------------------------------
[2024-03-22T19:00:04.931+0000] {taskinstance.py:1369} INFO - Starting attempt 1 of 2
[2024-03-22T19:00:04.931+0000] {taskinstance.py:1370} INFO - 
--------------------------------------------------------------------------------
[2024-03-22T19:00:04.941+0000] {taskinstance.py:1389} INFO - Executing <Task(PythonOperator): clean_data> on 2024-03-22 18:59:00+00:00
[2024-03-22T19:00:04.961+0000] {standard_task_runner.py:52} INFO - Started process 2116 to run task
[2024-03-22T19:00:04.967+0000] {standard_task_runner.py:79} INFO - Running: ['***', 'tasks', 'run', 'milestone3', 'clean_data', 'scheduled__2024-03-22T18:59:00+00:00', '--job-id', '241', '--raw', '--subdir', 'DAGS_FOLDER/P2M3_elia_DAG.py', '--cfg-path', '/tmp/tmprlswl8qx', '--error-file', '/tmp/tmpa3h5cof0']
[2024-03-22T19:00:04.969+0000] {standard_task_runner.py:80} INFO - Job 241: Subtask clean_data
[2024-03-22T19:00:05.111+0000] {task_command.py:371} INFO - Running <TaskInstance: milestone3.clean_data scheduled__2024-03-22T18:59:00+00:00 [running]> on host b79cb602ca97
[2024-03-22T19:00:05.206+0000] {taskinstance.py:1583} INFO - Exporting the following env vars:
AIRFLOW_CTX_DAG_OWNER=elia
AIRFLOW_CTX_DAG_ID=milestone3
AIRFLOW_CTX_TASK_ID=clean_data
AIRFLOW_CTX_EXECUTION_DATE=2024-03-22T18:59:00+00:00
AIRFLOW_CTX_TRY_NUMBER=1
AIRFLOW_CTX_DAG_RUN_ID=scheduled__2024-03-22T18:59:00+00:00
[2024-03-22T19:00:05.313+0000] {logging_mixin.py:115} INFO -    index      Date    Year     Month  ...  Unit Price   Cost Revenue Column1
0      0  02/19/16  2016.0  February  ...  109.000000   80.0   109.0     NaN
1      1  02/20/16  2016.0  February  ...   28.500000   49.0    57.0     NaN
2      2  02/27/16  2016.0  February  ...    5.000000   11.0    15.0     NaN
3      3  03/12/16  2016.0     March  ...  116.500000  175.0   233.0     NaN
4      4  03/12/16  2016.0     March  ...   41.666667  105.0   125.0     NaN

[5 rows x 16 columns]
[2024-03-22T19:00:05.350+0000] {logging_mixin.py:115} INFO -    index      Date    Year     Month  ...  Unit Price   Cost Revenue Column1
0      0  02/19/16  2016.0  February  ...  109.000000   80.0   109.0     NaN
1      1  02/20/16  2016.0  February  ...   28.500000   49.0    57.0     NaN
2      2  02/27/16  2016.0  February  ...    5.000000   11.0    15.0     NaN
3      3  03/12/16  2016.0     March  ...  116.500000  175.0   233.0     NaN
4      4  03/12/16  2016.0     March  ...   41.666667  105.0   125.0     NaN

[5 rows x 16 columns]
[2024-03-22T19:00:05.360+0000] {logging_mixin.py:115} INFO - Index(['index', 'date', 'year', 'month', 'customer_age', 'customer_gender',
       'country', 'state', 'product_category', 'sub_category', 'quantity',
       'unit_cost', 'unit_price', 'cost', 'revenue'],
      dtype='object')
[2024-03-22T19:00:05.571+0000] {python.py:173} INFO - Done. Returned value was: None
[2024-03-22T19:00:05.596+0000] {taskinstance.py:1412} INFO - Marking task as SUCCESS. dag_id=milestone3, task_id=clean_data, execution_date=20240322T185900, start_date=20240322T190004, end_date=20240322T190005
[2024-03-22T19:00:05.646+0000] {local_task_job.py:156} INFO - Task exited with return code 0
[2024-03-22T19:00:05.710+0000] {local_task_job.py:279} INFO - 1 downstream tasks scheduled from follow-on schedule check
[2024-03-22T19:01:20.805+0000] {taskinstance.py:1171} INFO - Dependencies all met for <TaskInstance: milestone3.clean_data scheduled__2024-03-22T18:59:00+00:00 [queued]>
[2024-03-22T19:01:20.826+0000] {taskinstance.py:1171} INFO - Dependencies all met for <TaskInstance: milestone3.clean_data scheduled__2024-03-22T18:59:00+00:00 [queued]>
[2024-03-22T19:01:20.826+0000] {taskinstance.py:1368} INFO - 
--------------------------------------------------------------------------------
[2024-03-22T19:01:20.827+0000] {taskinstance.py:1369} INFO - Starting attempt 1 of 2
[2024-03-22T19:01:20.828+0000] {taskinstance.py:1370} INFO - 
--------------------------------------------------------------------------------
[2024-03-22T19:01:20.856+0000] {taskinstance.py:1389} INFO - Executing <Task(PythonOperator): clean_data> on 2024-03-22 18:59:00+00:00
[2024-03-22T19:01:20.885+0000] {standard_task_runner.py:52} INFO - Started process 2153 to run task
[2024-03-22T19:01:20.897+0000] {standard_task_runner.py:79} INFO - Running: ['***', 'tasks', 'run', 'milestone3', 'clean_data', 'scheduled__2024-03-22T18:59:00+00:00', '--job-id', '248', '--raw', '--subdir', 'DAGS_FOLDER/P2M3_elia_DAG.py', '--cfg-path', '/tmp/tmpmxsfpibl', '--error-file', '/tmp/tmps6pu85js']
[2024-03-22T19:01:20.898+0000] {standard_task_runner.py:80} INFO - Job 248: Subtask clean_data
[2024-03-22T19:01:21.134+0000] {task_command.py:371} INFO - Running <TaskInstance: milestone3.clean_data scheduled__2024-03-22T18:59:00+00:00 [running]> on host b79cb602ca97
[2024-03-22T19:01:21.450+0000] {taskinstance.py:1583} INFO - Exporting the following env vars:
AIRFLOW_CTX_DAG_OWNER=elia
AIRFLOW_CTX_DAG_ID=milestone3
AIRFLOW_CTX_TASK_ID=clean_data
AIRFLOW_CTX_EXECUTION_DATE=2024-03-22T18:59:00+00:00
AIRFLOW_CTX_TRY_NUMBER=1
AIRFLOW_CTX_DAG_RUN_ID=scheduled__2024-03-22T18:59:00+00:00
[2024-03-22T19:01:22.235+0000] {python.py:173} INFO - Done. Returned value was: None
[2024-03-22T19:01:22.350+0000] {taskinstance.py:1412} INFO - Marking task as SUCCESS. dag_id=milestone3, task_id=clean_data, execution_date=20240322T185900, start_date=20240322T190120, end_date=20240322T190122
[2024-03-22T19:01:22.450+0000] {local_task_job.py:156} INFO - Task exited with return code 0
[2024-03-22T19:01:22.588+0000] {local_task_job.py:279} INFO - 1 downstream tasks scheduled from follow-on schedule check
