[2024-03-23T14:00:50.412+0000] {taskinstance.py:1171} INFO - Dependencies all met for <TaskInstance: milestone3.fetch_data_from_progresql scheduled__2024-03-23T13:30:00+00:00 [queued]>
[2024-03-23T14:00:50.418+0000] {taskinstance.py:1171} INFO - Dependencies all met for <TaskInstance: milestone3.fetch_data_from_progresql scheduled__2024-03-23T13:30:00+00:00 [queued]>
[2024-03-23T14:00:50.419+0000] {taskinstance.py:1368} INFO - 
--------------------------------------------------------------------------------
[2024-03-23T14:00:50.419+0000] {taskinstance.py:1369} INFO - Starting attempt 1 of 1
[2024-03-23T14:00:50.419+0000] {taskinstance.py:1370} INFO - 
--------------------------------------------------------------------------------
[2024-03-23T14:00:50.432+0000] {taskinstance.py:1389} INFO - Executing <Task(PythonOperator): fetch_data_from_progresql> on 2024-03-23 13:30:00+00:00
[2024-03-23T14:00:50.438+0000] {standard_task_runner.py:52} INFO - Started process 204 to run task
[2024-03-23T14:00:50.441+0000] {standard_task_runner.py:79} INFO - Running: ['***', 'tasks', 'run', 'milestone3', 'fetch_data_from_progresql', 'scheduled__2024-03-23T13:30:00+00:00', '--job-id', '395', '--raw', '--subdir', 'DAGS_FOLDER/P2M3_elia_DAG.py', '--cfg-path', '/tmp/tmp6614rujf', '--error-file', '/tmp/tmp7oquop8q']
[2024-03-23T14:00:50.447+0000] {standard_task_runner.py:80} INFO - Job 395: Subtask fetch_data_from_progresql
[2024-03-23T14:00:50.504+0000] {task_command.py:371} INFO - Running <TaskInstance: milestone3.fetch_data_from_progresql scheduled__2024-03-23T13:30:00+00:00 [running]> on host 688eb1d4f3b5
[2024-03-23T14:00:50.571+0000] {taskinstance.py:1583} INFO - Exporting the following env vars:
AIRFLOW_CTX_DAG_OWNER=elia
AIRFLOW_CTX_DAG_ID=milestone3
AIRFLOW_CTX_TASK_ID=fetch_data_from_progresql
AIRFLOW_CTX_EXECUTION_DATE=2024-03-23T13:30:00+00:00
AIRFLOW_CTX_TRY_NUMBER=1
AIRFLOW_CTX_DAG_RUN_ID=scheduled__2024-03-23T13:30:00+00:00
[2024-03-23T14:00:51.127+0000] {python.py:173} INFO - Done. Returned value was: None
[2024-03-23T14:00:51.162+0000] {taskinstance.py:1412} INFO - Marking task as SUCCESS. dag_id=milestone3, task_id=fetch_data_from_progresql, execution_date=20240323T133000, start_date=20240323T140050, end_date=20240323T140051
[2024-03-23T14:00:51.244+0000] {local_task_job.py:156} INFO - Task exited with return code 0
[2024-03-23T14:00:51.280+0000] {local_task_job.py:279} INFO - 1 downstream tasks scheduled from follow-on schedule check
[2024-03-23T14:08:07.379+0000] {taskinstance.py:1171} INFO - Dependencies all met for <TaskInstance: milestone3.fetch_data_from_progresql scheduled__2024-03-23T13:30:00+00:00 [queued]>
[2024-03-23T14:08:07.391+0000] {taskinstance.py:1171} INFO - Dependencies all met for <TaskInstance: milestone3.fetch_data_from_progresql scheduled__2024-03-23T13:30:00+00:00 [queued]>
[2024-03-23T14:08:07.391+0000] {taskinstance.py:1368} INFO - 
--------------------------------------------------------------------------------
[2024-03-23T14:08:07.392+0000] {taskinstance.py:1369} INFO - Starting attempt 1 of 1
[2024-03-23T14:08:07.392+0000] {taskinstance.py:1370} INFO - 
--------------------------------------------------------------------------------
[2024-03-23T14:08:07.403+0000] {taskinstance.py:1389} INFO - Executing <Task(PythonOperator): fetch_data_from_progresql> on 2024-03-23 13:30:00+00:00
[2024-03-23T14:08:07.415+0000] {standard_task_runner.py:52} INFO - Started process 301 to run task
[2024-03-23T14:08:07.422+0000] {standard_task_runner.py:79} INFO - Running: ['***', 'tasks', 'run', 'milestone3', 'fetch_data_from_progresql', 'scheduled__2024-03-23T13:30:00+00:00', '--job-id', '402', '--raw', '--subdir', 'DAGS_FOLDER/P2M3_elia_DAG.py', '--cfg-path', '/tmp/tmp592_yqiw', '--error-file', '/tmp/tmp7ahii26l']
[2024-03-23T14:08:07.428+0000] {standard_task_runner.py:80} INFO - Job 402: Subtask fetch_data_from_progresql
[2024-03-23T14:08:07.496+0000] {task_command.py:371} INFO - Running <TaskInstance: milestone3.fetch_data_from_progresql scheduled__2024-03-23T13:30:00+00:00 [running]> on host 688eb1d4f3b5
[2024-03-23T14:08:07.573+0000] {taskinstance.py:1583} INFO - Exporting the following env vars:
AIRFLOW_CTX_DAG_OWNER=elia
AIRFLOW_CTX_DAG_ID=milestone3
AIRFLOW_CTX_TASK_ID=fetch_data_from_progresql
AIRFLOW_CTX_EXECUTION_DATE=2024-03-23T13:30:00+00:00
AIRFLOW_CTX_TRY_NUMBER=1
AIRFLOW_CTX_DAG_RUN_ID=scheduled__2024-03-23T13:30:00+00:00
[2024-03-23T14:08:08.042+0000] {python.py:173} INFO - Done. Returned value was: None
[2024-03-23T14:08:08.057+0000] {taskinstance.py:1412} INFO - Marking task as SUCCESS. dag_id=milestone3, task_id=fetch_data_from_progresql, execution_date=20240323T133000, start_date=20240323T140807, end_date=20240323T140808
[2024-03-23T14:08:08.100+0000] {local_task_job.py:156} INFO - Task exited with return code 0
[2024-03-23T14:08:08.149+0000] {local_task_job.py:279} INFO - 1 downstream tasks scheduled from follow-on schedule check
