[2024-03-23T12:51:17.663+0000] {taskinstance.py:1171} INFO - Dependencies all met for <TaskInstance: milestone3.clean_data scheduled__2024-03-23T11:30:00+00:00 [queued]>
[2024-03-23T12:51:17.688+0000] {taskinstance.py:1171} INFO - Dependencies all met for <TaskInstance: milestone3.clean_data scheduled__2024-03-23T11:30:00+00:00 [queued]>
[2024-03-23T12:51:17.689+0000] {taskinstance.py:1368} INFO - 
--------------------------------------------------------------------------------
[2024-03-23T12:51:17.690+0000] {taskinstance.py:1369} INFO - Starting attempt 1 of 1
[2024-03-23T12:51:17.691+0000] {taskinstance.py:1370} INFO - 
--------------------------------------------------------------------------------
[2024-03-23T12:51:17.737+0000] {taskinstance.py:1389} INFO - Executing <Task(PythonOperator): clean_data> on 2024-03-23 11:30:00+00:00
[2024-03-23T12:51:17.752+0000] {standard_task_runner.py:52} INFO - Started process 2737 to run task
[2024-03-23T12:51:17.766+0000] {standard_task_runner.py:79} INFO - Running: ['***', 'tasks', 'run', 'milestone3', 'clean_data', 'scheduled__2024-03-23T11:30:00+00:00', '--job-id', '391', '--raw', '--subdir', 'DAGS_FOLDER/P2M3_elia_DAG.py', '--cfg-path', '/tmp/tmp_42c1199', '--error-file', '/tmp/tmp8da0sjcr']
[2024-03-23T12:51:17.769+0000] {standard_task_runner.py:80} INFO - Job 391: Subtask clean_data
[2024-03-23T12:51:18.021+0000] {task_command.py:371} INFO - Running <TaskInstance: milestone3.clean_data scheduled__2024-03-23T11:30:00+00:00 [running]> on host b73a5d249fb9
[2024-03-23T12:51:18.194+0000] {taskinstance.py:1583} INFO - Exporting the following env vars:
AIRFLOW_CTX_DAG_OWNER=elia
AIRFLOW_CTX_DAG_ID=milestone3
AIRFLOW_CTX_TASK_ID=clean_data
AIRFLOW_CTX_EXECUTION_DATE=2024-03-23T11:30:00+00:00
AIRFLOW_CTX_TRY_NUMBER=1
AIRFLOW_CTX_DAG_RUN_ID=scheduled__2024-03-23T11:30:00+00:00
[2024-03-23T12:51:20.458+0000] {python.py:173} INFO - Done. Returned value was: None
[2024-03-23T12:51:20.753+0000] {taskinstance.py:1412} INFO - Marking task as SUCCESS. dag_id=milestone3, task_id=clean_data, execution_date=20240323T113000, start_date=20240323T125117, end_date=20240323T125120
[2024-03-23T12:51:20.840+0000] {local_task_job.py:156} INFO - Task exited with return code 0
[2024-03-23T12:51:21.143+0000] {local_task_job.py:279} INFO - 1 downstream tasks scheduled from follow-on schedule check
