[2024-03-22T18:53:01.640+0000] {taskinstance.py:1171} INFO - Dependencies all met for <TaskInstance: milestone3.fetch_data_from_progresql scheduled__2024-03-22T18:52:00+00:00 [queued]>
[2024-03-22T18:53:01.646+0000] {taskinstance.py:1171} INFO - Dependencies all met for <TaskInstance: milestone3.fetch_data_from_progresql scheduled__2024-03-22T18:52:00+00:00 [queued]>
[2024-03-22T18:53:01.646+0000] {taskinstance.py:1368} INFO - 
--------------------------------------------------------------------------------
[2024-03-22T18:53:01.647+0000] {taskinstance.py:1369} INFO - Starting attempt 1 of 2
[2024-03-22T18:53:01.647+0000] {taskinstance.py:1370} INFO - 
--------------------------------------------------------------------------------
[2024-03-22T18:53:01.656+0000] {taskinstance.py:1389} INFO - Executing <Task(PythonOperator): fetch_data_from_progresql> on 2024-03-22 18:52:00+00:00
[2024-03-22T18:53:01.665+0000] {standard_task_runner.py:52} INFO - Started process 1945 to run task
[2024-03-22T18:53:01.668+0000] {standard_task_runner.py:79} INFO - Running: ['***', 'tasks', 'run', 'milestone3', 'fetch_data_from_progresql', 'scheduled__2024-03-22T18:52:00+00:00', '--job-id', '216', '--raw', '--subdir', 'DAGS_FOLDER/P2M3_elia_DAG.py', '--cfg-path', '/tmp/tmpjy5j4y6j', '--error-file', '/tmp/tmpajozeohm']
[2024-03-22T18:53:01.669+0000] {standard_task_runner.py:80} INFO - Job 216: Subtask fetch_data_from_progresql
[2024-03-22T18:53:01.729+0000] {task_command.py:371} INFO - Running <TaskInstance: milestone3.fetch_data_from_progresql scheduled__2024-03-22T18:52:00+00:00 [running]> on host b79cb602ca97
[2024-03-22T18:53:01.778+0000] {taskinstance.py:1583} INFO - Exporting the following env vars:
AIRFLOW_CTX_DAG_OWNER=elia
AIRFLOW_CTX_DAG_ID=milestone3
AIRFLOW_CTX_TASK_ID=fetch_data_from_progresql
AIRFLOW_CTX_EXECUTION_DATE=2024-03-22T18:52:00+00:00
AIRFLOW_CTX_TRY_NUMBER=1
AIRFLOW_CTX_DAG_RUN_ID=scheduled__2024-03-22T18:52:00+00:00
[2024-03-22T18:53:02.204+0000] {python.py:173} INFO - Done. Returned value was: None
[2024-03-22T18:53:02.220+0000] {taskinstance.py:1412} INFO - Marking task as SUCCESS. dag_id=milestone3, task_id=fetch_data_from_progresql, execution_date=20240322T185200, start_date=20240322T185301, end_date=20240322T185302
[2024-03-22T18:53:02.295+0000] {local_task_job.py:156} INFO - Task exited with return code 0
[2024-03-22T18:53:02.345+0000] {local_task_job.py:279} INFO - 1 downstream tasks scheduled from follow-on schedule check
