[2024-03-22T18:47:02.177+0000] {taskinstance.py:1171} INFO - Dependencies all met for <TaskInstance: milestone3.fetch_data_from_progresql scheduled__2024-03-22T18:46:00+00:00 [queued]>
[2024-03-22T18:47:02.187+0000] {taskinstance.py:1171} INFO - Dependencies all met for <TaskInstance: milestone3.fetch_data_from_progresql scheduled__2024-03-22T18:46:00+00:00 [queued]>
[2024-03-22T18:47:02.187+0000] {taskinstance.py:1368} INFO - 
--------------------------------------------------------------------------------
[2024-03-22T18:47:02.187+0000] {taskinstance.py:1369} INFO - Starting attempt 1 of 2
[2024-03-22T18:47:02.187+0000] {taskinstance.py:1370} INFO - 
--------------------------------------------------------------------------------
[2024-03-22T18:47:02.197+0000] {taskinstance.py:1389} INFO - Executing <Task(PythonOperator): fetch_data_from_progresql> on 2024-03-22 18:46:00+00:00
[2024-03-22T18:47:02.211+0000] {standard_task_runner.py:52} INFO - Started process 1765 to run task
[2024-03-22T18:47:02.225+0000] {standard_task_runner.py:79} INFO - Running: ['***', 'tasks', 'run', 'milestone3', 'fetch_data_from_progresql', 'scheduled__2024-03-22T18:46:00+00:00', '--job-id', '184', '--raw', '--subdir', 'DAGS_FOLDER/P2M3_elia_DAG.py', '--cfg-path', '/tmp/tmpni7gv2e1', '--error-file', '/tmp/tmplm3pj5yi']
[2024-03-22T18:47:02.232+0000] {standard_task_runner.py:80} INFO - Job 184: Subtask fetch_data_from_progresql
[2024-03-22T18:47:02.334+0000] {task_command.py:371} INFO - Running <TaskInstance: milestone3.fetch_data_from_progresql scheduled__2024-03-22T18:46:00+00:00 [running]> on host b79cb602ca97
[2024-03-22T18:47:02.409+0000] {taskinstance.py:1583} INFO - Exporting the following env vars:
AIRFLOW_CTX_DAG_OWNER=elia
AIRFLOW_CTX_DAG_ID=milestone3
AIRFLOW_CTX_TASK_ID=fetch_data_from_progresql
AIRFLOW_CTX_EXECUTION_DATE=2024-03-22T18:46:00+00:00
AIRFLOW_CTX_TRY_NUMBER=1
AIRFLOW_CTX_DAG_RUN_ID=scheduled__2024-03-22T18:46:00+00:00
[2024-03-22T18:47:02.788+0000] {python.py:173} INFO - Done. Returned value was: None
[2024-03-22T18:47:02.810+0000] {taskinstance.py:1412} INFO - Marking task as SUCCESS. dag_id=milestone3, task_id=fetch_data_from_progresql, execution_date=20240322T184600, start_date=20240322T184702, end_date=20240322T184702
[2024-03-22T18:47:02.833+0000] {local_task_job.py:156} INFO - Task exited with return code 0
[2024-03-22T18:47:02.876+0000] {local_task_job.py:279} INFO - 1 downstream tasks scheduled from follow-on schedule check
