[2024-03-22T22:00:02.734+0000] {taskinstance.py:1171} INFO - Dependencies all met for <TaskInstance: milestone3.fetch_data_from_progresql scheduled__2024-03-22T21:30:00+00:00 [queued]>
[2024-03-22T22:00:02.743+0000] {taskinstance.py:1171} INFO - Dependencies all met for <TaskInstance: milestone3.fetch_data_from_progresql scheduled__2024-03-22T21:30:00+00:00 [queued]>
[2024-03-22T22:00:02.743+0000] {taskinstance.py:1368} INFO - 
--------------------------------------------------------------------------------
[2024-03-22T22:00:02.744+0000] {taskinstance.py:1369} INFO - Starting attempt 1 of 2
[2024-03-22T22:00:02.744+0000] {taskinstance.py:1370} INFO - 
--------------------------------------------------------------------------------
[2024-03-22T22:00:02.755+0000] {taskinstance.py:1389} INFO - Executing <Task(PythonOperator): fetch_data_from_progresql> on 2024-03-22 21:30:00+00:00
[2024-03-22T22:00:02.768+0000] {standard_task_runner.py:52} INFO - Started process 4396 to run task
[2024-03-22T22:00:02.772+0000] {standard_task_runner.py:79} INFO - Running: ['***', 'tasks', 'run', 'milestone3', 'fetch_data_from_progresql', 'scheduled__2024-03-22T21:30:00+00:00', '--job-id', '335', '--raw', '--subdir', 'DAGS_FOLDER/P2M3_elia_DAG.py', '--cfg-path', '/tmp/tmpdo63omv7', '--error-file', '/tmp/tmpgyk622e3']
[2024-03-22T22:00:02.773+0000] {standard_task_runner.py:80} INFO - Job 335: Subtask fetch_data_from_progresql
[2024-03-22T22:00:02.851+0000] {task_command.py:371} INFO - Running <TaskInstance: milestone3.fetch_data_from_progresql scheduled__2024-03-22T21:30:00+00:00 [running]> on host b79cb602ca97
[2024-03-22T22:00:02.916+0000] {taskinstance.py:1583} INFO - Exporting the following env vars:
AIRFLOW_CTX_DAG_OWNER=elia
AIRFLOW_CTX_DAG_ID=milestone3
AIRFLOW_CTX_TASK_ID=fetch_data_from_progresql
AIRFLOW_CTX_EXECUTION_DATE=2024-03-22T21:30:00+00:00
AIRFLOW_CTX_TRY_NUMBER=1
AIRFLOW_CTX_DAG_RUN_ID=scheduled__2024-03-22T21:30:00+00:00
[2024-03-22T22:00:03.562+0000] {python.py:173} INFO - Done. Returned value was: None
[2024-03-22T22:00:03.590+0000] {taskinstance.py:1412} INFO - Marking task as SUCCESS. dag_id=milestone3, task_id=fetch_data_from_progresql, execution_date=20240322T213000, start_date=20240322T220002, end_date=20240322T220003
[2024-03-22T22:00:03.657+0000] {local_task_job.py:156} INFO - Task exited with return code 0
[2024-03-22T22:00:03.738+0000] {local_task_job.py:279} INFO - 1 downstream tasks scheduled from follow-on schedule check
