[2024-03-23T14:00:53.829+0000] {taskinstance.py:1171} INFO - Dependencies all met for <TaskInstance: milestone3.clean_data scheduled__2024-03-23T13:30:00+00:00 [queued]>
[2024-03-23T14:00:53.847+0000] {taskinstance.py:1171} INFO - Dependencies all met for <TaskInstance: milestone3.clean_data scheduled__2024-03-23T13:30:00+00:00 [queued]>
[2024-03-23T14:00:53.848+0000] {taskinstance.py:1368} INFO - 
--------------------------------------------------------------------------------
[2024-03-23T14:00:53.849+0000] {taskinstance.py:1369} INFO - Starting attempt 1 of 1
[2024-03-23T14:00:53.850+0000] {taskinstance.py:1370} INFO - 
--------------------------------------------------------------------------------
[2024-03-23T14:00:53.865+0000] {taskinstance.py:1389} INFO - Executing <Task(PythonOperator): clean_data> on 2024-03-23 13:30:00+00:00
[2024-03-23T14:00:53.873+0000] {standard_task_runner.py:52} INFO - Started process 211 to run task
[2024-03-23T14:00:53.878+0000] {standard_task_runner.py:79} INFO - Running: ['***', 'tasks', 'run', 'milestone3', 'clean_data', 'scheduled__2024-03-23T13:30:00+00:00', '--job-id', '397', '--raw', '--subdir', 'DAGS_FOLDER/P2M3_elia_DAG.py', '--cfg-path', '/tmp/tmprhh1escq', '--error-file', '/tmp/tmpewyylbrx']
[2024-03-23T14:00:53.880+0000] {standard_task_runner.py:80} INFO - Job 397: Subtask clean_data
[2024-03-23T14:00:54.472+0000] {task_command.py:371} INFO - Running <TaskInstance: milestone3.clean_data scheduled__2024-03-23T13:30:00+00:00 [running]> on host 688eb1d4f3b5
[2024-03-23T14:00:54.611+0000] {taskinstance.py:1583} INFO - Exporting the following env vars:
AIRFLOW_CTX_DAG_OWNER=elia
AIRFLOW_CTX_DAG_ID=milestone3
AIRFLOW_CTX_TASK_ID=clean_data
AIRFLOW_CTX_EXECUTION_DATE=2024-03-23T13:30:00+00:00
AIRFLOW_CTX_TRY_NUMBER=1
AIRFLOW_CTX_DAG_RUN_ID=scheduled__2024-03-23T13:30:00+00:00
[2024-03-23T14:00:55.765+0000] {python.py:173} INFO - Done. Returned value was: None
[2024-03-23T14:00:55.838+0000] {taskinstance.py:1412} INFO - Marking task as SUCCESS. dag_id=milestone3, task_id=clean_data, execution_date=20240323T133000, start_date=20240323T140053, end_date=20240323T140055
[2024-03-23T14:00:55.907+0000] {local_task_job.py:156} INFO - Task exited with return code 0
[2024-03-23T14:00:56.020+0000] {local_task_job.py:279} INFO - 1 downstream tasks scheduled from follow-on schedule check
[2024-03-23T14:08:12.737+0000] {taskinstance.py:1171} INFO - Dependencies all met for <TaskInstance: milestone3.clean_data scheduled__2024-03-23T13:30:00+00:00 [queued]>
[2024-03-23T14:08:12.746+0000] {taskinstance.py:1171} INFO - Dependencies all met for <TaskInstance: milestone3.clean_data scheduled__2024-03-23T13:30:00+00:00 [queued]>
[2024-03-23T14:08:12.746+0000] {taskinstance.py:1368} INFO - 
--------------------------------------------------------------------------------
[2024-03-23T14:08:12.746+0000] {taskinstance.py:1369} INFO - Starting attempt 1 of 1
[2024-03-23T14:08:12.747+0000] {taskinstance.py:1370} INFO - 
--------------------------------------------------------------------------------
[2024-03-23T14:08:12.754+0000] {taskinstance.py:1389} INFO - Executing <Task(PythonOperator): clean_data> on 2024-03-23 13:30:00+00:00
[2024-03-23T14:08:12.760+0000] {standard_task_runner.py:52} INFO - Started process 306 to run task
[2024-03-23T14:08:12.764+0000] {standard_task_runner.py:79} INFO - Running: ['***', 'tasks', 'run', 'milestone3', 'clean_data', 'scheduled__2024-03-23T13:30:00+00:00', '--job-id', '403', '--raw', '--subdir', 'DAGS_FOLDER/P2M3_elia_DAG.py', '--cfg-path', '/tmp/tmp2ey0sq7t', '--error-file', '/tmp/tmpunv4xpl6']
[2024-03-23T14:08:12.765+0000] {standard_task_runner.py:80} INFO - Job 403: Subtask clean_data
[2024-03-23T14:08:12.834+0000] {task_command.py:371} INFO - Running <TaskInstance: milestone3.clean_data scheduled__2024-03-23T13:30:00+00:00 [running]> on host 688eb1d4f3b5
[2024-03-23T14:08:12.891+0000] {taskinstance.py:1583} INFO - Exporting the following env vars:
AIRFLOW_CTX_DAG_OWNER=elia
AIRFLOW_CTX_DAG_ID=milestone3
AIRFLOW_CTX_TASK_ID=clean_data
AIRFLOW_CTX_EXECUTION_DATE=2024-03-23T13:30:00+00:00
AIRFLOW_CTX_TRY_NUMBER=1
AIRFLOW_CTX_DAG_RUN_ID=scheduled__2024-03-23T13:30:00+00:00
[2024-03-23T14:08:13.192+0000] {python.py:173} INFO - Done. Returned value was: None
[2024-03-23T14:08:13.213+0000] {taskinstance.py:1412} INFO - Marking task as SUCCESS. dag_id=milestone3, task_id=clean_data, execution_date=20240323T133000, start_date=20240323T140812, end_date=20240323T140813
[2024-03-23T14:08:13.231+0000] {local_task_job.py:156} INFO - Task exited with return code 0
[2024-03-23T14:08:13.262+0000] {local_task_job.py:279} INFO - 1 downstream tasks scheduled from follow-on schedule check
