[2024-03-23T07:08:25.049+0000] {taskinstance.py:1171} INFO - Dependencies all met for <TaskInstance: milestone3.fetch_data_from_progresql manual__2024-03-23T07:08:20.597046+00:00 [queued]>
[2024-03-23T07:08:25.083+0000] {taskinstance.py:1171} INFO - Dependencies all met for <TaskInstance: milestone3.fetch_data_from_progresql manual__2024-03-23T07:08:20.597046+00:00 [queued]>
[2024-03-23T07:08:25.084+0000] {taskinstance.py:1368} INFO - 
--------------------------------------------------------------------------------
[2024-03-23T07:08:25.084+0000] {taskinstance.py:1369} INFO - Starting attempt 1 of 2
[2024-03-23T07:08:25.085+0000] {taskinstance.py:1370} INFO - 
--------------------------------------------------------------------------------
[2024-03-23T07:08:25.099+0000] {taskinstance.py:1389} INFO - Executing <Task(PythonOperator): fetch_data_from_progresql> on 2024-03-23 07:08:20.597046+00:00
[2024-03-23T07:08:25.117+0000] {standard_task_runner.py:52} INFO - Started process 406 to run task
[2024-03-23T07:08:25.122+0000] {standard_task_runner.py:79} INFO - Running: ['***', 'tasks', 'run', 'milestone3', 'fetch_data_from_progresql', 'manual__2024-03-23T07:08:20.597046+00:00', '--job-id', '352', '--raw', '--subdir', 'DAGS_FOLDER/P2M3_elia_DAG.py', '--cfg-path', '/tmp/tmpiceuec51', '--error-file', '/tmp/tmpg7bbkpvk']
[2024-03-23T07:08:25.123+0000] {standard_task_runner.py:80} INFO - Job 352: Subtask fetch_data_from_progresql
[2024-03-23T07:08:25.935+0000] {task_command.py:371} INFO - Running <TaskInstance: milestone3.fetch_data_from_progresql manual__2024-03-23T07:08:20.597046+00:00 [running]> on host 7b7d175dbcb8
[2024-03-23T07:08:26.755+0000] {taskinstance.py:1583} INFO - Exporting the following env vars:
AIRFLOW_CTX_DAG_OWNER=elia
AIRFLOW_CTX_DAG_ID=milestone3
AIRFLOW_CTX_TASK_ID=fetch_data_from_progresql
AIRFLOW_CTX_EXECUTION_DATE=2024-03-23T07:08:20.597046+00:00
AIRFLOW_CTX_TRY_NUMBER=1
AIRFLOW_CTX_DAG_RUN_ID=manual__2024-03-23T07:08:20.597046+00:00
[2024-03-23T07:08:31.909+0000] {python.py:173} INFO - Done. Returned value was: None
[2024-03-23T07:08:31.937+0000] {taskinstance.py:1412} INFO - Marking task as SUCCESS. dag_id=milestone3, task_id=fetch_data_from_progresql, execution_date=20240323T070820, start_date=20240323T070825, end_date=20240323T070831
[2024-03-23T07:08:32.020+0000] {local_task_job.py:156} INFO - Task exited with return code 0
[2024-03-23T07:08:32.082+0000] {local_task_job.py:279} INFO - 1 downstream tasks scheduled from follow-on schedule check
