[2024-03-22T19:09:15.061+0000] {taskinstance.py:1171} INFO - Dependencies all met for <TaskInstance: milestone3.clean_data scheduled__2024-03-22T18:30:00+00:00 [queued]>
[2024-03-22T19:09:15.069+0000] {taskinstance.py:1171} INFO - Dependencies all met for <TaskInstance: milestone3.clean_data scheduled__2024-03-22T18:30:00+00:00 [queued]>
[2024-03-22T19:09:15.069+0000] {taskinstance.py:1368} INFO - 
--------------------------------------------------------------------------------
[2024-03-22T19:09:15.070+0000] {taskinstance.py:1369} INFO - Starting attempt 1 of 2
[2024-03-22T19:09:15.070+0000] {taskinstance.py:1370} INFO - 
--------------------------------------------------------------------------------
[2024-03-22T19:09:15.078+0000] {taskinstance.py:1389} INFO - Executing <Task(PythonOperator): clean_data> on 2024-03-22 18:30:00+00:00
[2024-03-22T19:09:15.088+0000] {standard_task_runner.py:52} INFO - Started process 2386 to run task
[2024-03-22T19:09:15.093+0000] {standard_task_runner.py:79} INFO - Running: ['***', 'tasks', 'run', 'milestone3', 'clean_data', 'scheduled__2024-03-22T18:30:00+00:00', '--job-id', '293', '--raw', '--subdir', 'DAGS_FOLDER/P2M3_elia_DAG.py', '--cfg-path', '/tmp/tmpcfxpx1ng', '--error-file', '/tmp/tmpy95bwwou']
[2024-03-22T19:09:15.096+0000] {standard_task_runner.py:80} INFO - Job 293: Subtask clean_data
[2024-03-22T19:09:15.269+0000] {task_command.py:371} INFO - Running <TaskInstance: milestone3.clean_data scheduled__2024-03-22T18:30:00+00:00 [running]> on host b79cb602ca97
[2024-03-22T19:09:15.397+0000] {taskinstance.py:1583} INFO - Exporting the following env vars:
AIRFLOW_CTX_DAG_OWNER=elia
AIRFLOW_CTX_DAG_ID=milestone3
AIRFLOW_CTX_TASK_ID=clean_data
AIRFLOW_CTX_EXECUTION_DATE=2024-03-22T18:30:00+00:00
AIRFLOW_CTX_TRY_NUMBER=1
AIRFLOW_CTX_DAG_RUN_ID=scheduled__2024-03-22T18:30:00+00:00
[2024-03-22T19:09:16.029+0000] {python.py:173} INFO - Done. Returned value was: None
[2024-03-22T19:09:16.081+0000] {taskinstance.py:1412} INFO - Marking task as SUCCESS. dag_id=milestone3, task_id=clean_data, execution_date=20240322T183000, start_date=20240322T190915, end_date=20240322T190916
[2024-03-22T19:09:16.139+0000] {local_task_job.py:156} INFO - Task exited with return code 0
[2024-03-22T19:09:16.222+0000] {local_task_job.py:279} INFO - 1 downstream tasks scheduled from follow-on schedule check
[2024-03-22T19:20:53.633+0000] {taskinstance.py:1171} INFO - Dependencies all met for <TaskInstance: milestone3.clean_data scheduled__2024-03-22T18:30:00+00:00 [queued]>
[2024-03-22T19:20:53.655+0000] {taskinstance.py:1171} INFO - Dependencies all met for <TaskInstance: milestone3.clean_data scheduled__2024-03-22T18:30:00+00:00 [queued]>
[2024-03-22T19:20:53.655+0000] {taskinstance.py:1368} INFO - 
--------------------------------------------------------------------------------
[2024-03-22T19:20:53.656+0000] {taskinstance.py:1369} INFO - Starting attempt 1 of 2
[2024-03-22T19:20:53.656+0000] {taskinstance.py:1370} INFO - 
--------------------------------------------------------------------------------
[2024-03-22T19:20:53.675+0000] {taskinstance.py:1389} INFO - Executing <Task(PythonOperator): clean_data> on 2024-03-22 18:30:00+00:00
[2024-03-22T19:20:53.689+0000] {standard_task_runner.py:52} INFO - Started process 2541 to run task
[2024-03-22T19:20:53.694+0000] {standard_task_runner.py:79} INFO - Running: ['***', 'tasks', 'run', 'milestone3', 'clean_data', 'scheduled__2024-03-22T18:30:00+00:00', '--job-id', '300', '--raw', '--subdir', 'DAGS_FOLDER/P2M3_elia_DAG.py', '--cfg-path', '/tmp/tmpqo1eaf01', '--error-file', '/tmp/tmpa6_qzcqt']
[2024-03-22T19:20:53.698+0000] {standard_task_runner.py:80} INFO - Job 300: Subtask clean_data
[2024-03-22T19:20:53.788+0000] {task_command.py:371} INFO - Running <TaskInstance: milestone3.clean_data scheduled__2024-03-22T18:30:00+00:00 [running]> on host b79cb602ca97
[2024-03-22T19:20:53.904+0000] {taskinstance.py:1583} INFO - Exporting the following env vars:
AIRFLOW_CTX_DAG_OWNER=elia
AIRFLOW_CTX_DAG_ID=milestone3
AIRFLOW_CTX_TASK_ID=clean_data
AIRFLOW_CTX_EXECUTION_DATE=2024-03-22T18:30:00+00:00
AIRFLOW_CTX_TRY_NUMBER=1
AIRFLOW_CTX_DAG_RUN_ID=scheduled__2024-03-22T18:30:00+00:00
[2024-03-22T19:20:54.442+0000] {python.py:173} INFO - Done. Returned value was: None
[2024-03-22T19:20:54.553+0000] {taskinstance.py:1412} INFO - Marking task as SUCCESS. dag_id=milestone3, task_id=clean_data, execution_date=20240322T183000, start_date=20240322T192053, end_date=20240322T192054
[2024-03-22T19:20:54.583+0000] {local_task_job.py:156} INFO - Task exited with return code 0
[2024-03-22T19:20:54.644+0000] {local_task_job.py:279} INFO - 1 downstream tasks scheduled from follow-on schedule check
[2024-03-22T19:23:49.977+0000] {taskinstance.py:1171} INFO - Dependencies all met for <TaskInstance: milestone3.clean_data scheduled__2024-03-22T18:30:00+00:00 [queued]>
[2024-03-22T19:23:49.994+0000] {taskinstance.py:1171} INFO - Dependencies all met for <TaskInstance: milestone3.clean_data scheduled__2024-03-22T18:30:00+00:00 [queued]>
[2024-03-22T19:23:49.995+0000] {taskinstance.py:1368} INFO - 
--------------------------------------------------------------------------------
[2024-03-22T19:23:49.995+0000] {taskinstance.py:1369} INFO - Starting attempt 1 of 2
[2024-03-22T19:23:49.995+0000] {taskinstance.py:1370} INFO - 
--------------------------------------------------------------------------------
[2024-03-22T19:23:50.009+0000] {taskinstance.py:1389} INFO - Executing <Task(PythonOperator): clean_data> on 2024-03-22 18:30:00+00:00
[2024-03-22T19:23:50.027+0000] {standard_task_runner.py:52} INFO - Started process 2607 to run task
[2024-03-22T19:23:50.032+0000] {standard_task_runner.py:79} INFO - Running: ['***', 'tasks', 'run', 'milestone3', 'clean_data', 'scheduled__2024-03-22T18:30:00+00:00', '--job-id', '309', '--raw', '--subdir', 'DAGS_FOLDER/P2M3_elia_DAG.py', '--cfg-path', '/tmp/tmpnbjwq1k7', '--error-file', '/tmp/tmpkixblk74']
[2024-03-22T19:23:50.034+0000] {standard_task_runner.py:80} INFO - Job 309: Subtask clean_data
[2024-03-22T19:23:50.104+0000] {task_command.py:371} INFO - Running <TaskInstance: milestone3.clean_data scheduled__2024-03-22T18:30:00+00:00 [running]> on host b79cb602ca97
[2024-03-22T19:23:50.202+0000] {taskinstance.py:1583} INFO - Exporting the following env vars:
AIRFLOW_CTX_DAG_OWNER=elia
AIRFLOW_CTX_DAG_ID=milestone3
AIRFLOW_CTX_TASK_ID=clean_data
AIRFLOW_CTX_EXECUTION_DATE=2024-03-22T18:30:00+00:00
AIRFLOW_CTX_TRY_NUMBER=1
AIRFLOW_CTX_DAG_RUN_ID=scheduled__2024-03-22T18:30:00+00:00
[2024-03-22T19:23:50.648+0000] {python.py:173} INFO - Done. Returned value was: None
[2024-03-22T19:23:50.670+0000] {taskinstance.py:1412} INFO - Marking task as SUCCESS. dag_id=milestone3, task_id=clean_data, execution_date=20240322T183000, start_date=20240322T192349, end_date=20240322T192350
[2024-03-22T19:23:50.709+0000] {local_task_job.py:156} INFO - Task exited with return code 0
[2024-03-22T19:23:50.902+0000] {local_task_job.py:279} INFO - 1 downstream tasks scheduled from follow-on schedule check
[2024-03-22T19:28:00.018+0000] {taskinstance.py:1171} INFO - Dependencies all met for <TaskInstance: milestone3.clean_data scheduled__2024-03-22T18:30:00+00:00 [queued]>
[2024-03-22T19:28:00.048+0000] {taskinstance.py:1171} INFO - Dependencies all met for <TaskInstance: milestone3.clean_data scheduled__2024-03-22T18:30:00+00:00 [queued]>
[2024-03-22T19:28:00.048+0000] {taskinstance.py:1368} INFO - 
--------------------------------------------------------------------------------
[2024-03-22T19:28:00.049+0000] {taskinstance.py:1369} INFO - Starting attempt 1 of 2
[2024-03-22T19:28:00.049+0000] {taskinstance.py:1370} INFO - 
--------------------------------------------------------------------------------
[2024-03-22T19:28:00.075+0000] {taskinstance.py:1389} INFO - Executing <Task(PythonOperator): clean_data> on 2024-03-22 18:30:00+00:00
[2024-03-22T19:28:00.090+0000] {standard_task_runner.py:52} INFO - Started process 2692 to run task
[2024-03-22T19:28:00.097+0000] {standard_task_runner.py:79} INFO - Running: ['***', 'tasks', 'run', 'milestone3', 'clean_data', 'scheduled__2024-03-22T18:30:00+00:00', '--job-id', '317', '--raw', '--subdir', 'DAGS_FOLDER/P2M3_elia_DAG.py', '--cfg-path', '/tmp/tmpkejio1jv', '--error-file', '/tmp/tmpz__i2wrs']
[2024-03-22T19:28:00.098+0000] {standard_task_runner.py:80} INFO - Job 317: Subtask clean_data
[2024-03-22T19:28:00.186+0000] {task_command.py:371} INFO - Running <TaskInstance: milestone3.clean_data scheduled__2024-03-22T18:30:00+00:00 [running]> on host b79cb602ca97
[2024-03-22T19:28:00.311+0000] {taskinstance.py:1583} INFO - Exporting the following env vars:
AIRFLOW_CTX_DAG_OWNER=elia
AIRFLOW_CTX_DAG_ID=milestone3
AIRFLOW_CTX_TASK_ID=clean_data
AIRFLOW_CTX_EXECUTION_DATE=2024-03-22T18:30:00+00:00
AIRFLOW_CTX_TRY_NUMBER=1
AIRFLOW_CTX_DAG_RUN_ID=scheduled__2024-03-22T18:30:00+00:00
[2024-03-22T19:28:03.964+0000] {python.py:173} INFO - Done. Returned value was: None
[2024-03-22T19:28:04.440+0000] {taskinstance.py:1412} INFO - Marking task as SUCCESS. dag_id=milestone3, task_id=clean_data, execution_date=20240322T183000, start_date=20240322T192800, end_date=20240322T192804
[2024-03-22T19:28:04.810+0000] {local_task_job.py:156} INFO - Task exited with return code 0
[2024-03-22T19:28:05.128+0000] {local_task_job.py:279} INFO - 1 downstream tasks scheduled from follow-on schedule check
