[2024-03-23T11:30:13.673+0000] {taskinstance.py:1171} INFO - Dependencies all met for <TaskInstance: milestone3.clean_data scheduled__2024-03-23T11:00:00+00:00 [queued]>
[2024-03-23T11:30:13.679+0000] {taskinstance.py:1171} INFO - Dependencies all met for <TaskInstance: milestone3.clean_data scheduled__2024-03-23T11:00:00+00:00 [queued]>
[2024-03-23T11:30:13.679+0000] {taskinstance.py:1368} INFO - 
--------------------------------------------------------------------------------
[2024-03-23T11:30:13.680+0000] {taskinstance.py:1369} INFO - Starting attempt 1 of 1
[2024-03-23T11:30:13.680+0000] {taskinstance.py:1370} INFO - 
--------------------------------------------------------------------------------
[2024-03-23T11:30:13.686+0000] {taskinstance.py:1389} INFO - Executing <Task(PythonOperator): clean_data> on 2024-03-23 11:00:00+00:00
[2024-03-23T11:30:13.692+0000] {standard_task_runner.py:52} INFO - Started process 2561 to run task
[2024-03-23T11:30:13.694+0000] {standard_task_runner.py:79} INFO - Running: ['***', 'tasks', 'run', 'milestone3', 'clean_data', 'scheduled__2024-03-23T11:00:00+00:00', '--job-id', '386', '--raw', '--subdir', 'DAGS_FOLDER/P2M3_elia_DAG.py', '--cfg-path', '/tmp/tmp49unvku0', '--error-file', '/tmp/tmpleiwnm40']
[2024-03-23T11:30:13.695+0000] {standard_task_runner.py:80} INFO - Job 386: Subtask clean_data
[2024-03-23T11:30:13.752+0000] {task_command.py:371} INFO - Running <TaskInstance: milestone3.clean_data scheduled__2024-03-23T11:00:00+00:00 [running]> on host b73a5d249fb9
[2024-03-23T11:30:13.800+0000] {taskinstance.py:1583} INFO - Exporting the following env vars:
AIRFLOW_CTX_DAG_OWNER=elia
AIRFLOW_CTX_DAG_ID=milestone3
AIRFLOW_CTX_TASK_ID=clean_data
AIRFLOW_CTX_EXECUTION_DATE=2024-03-23T11:00:00+00:00
AIRFLOW_CTX_TRY_NUMBER=1
AIRFLOW_CTX_DAG_RUN_ID=scheduled__2024-03-23T11:00:00+00:00
[2024-03-23T11:30:14.102+0000] {python.py:173} INFO - Done. Returned value was: None
[2024-03-23T11:30:14.117+0000] {taskinstance.py:1412} INFO - Marking task as SUCCESS. dag_id=milestone3, task_id=clean_data, execution_date=20240323T110000, start_date=20240323T113013, end_date=20240323T113014
[2024-03-23T11:30:14.162+0000] {local_task_job.py:156} INFO - Task exited with return code 0
[2024-03-23T11:30:14.191+0000] {local_task_job.py:279} INFO - 1 downstream tasks scheduled from follow-on schedule check
