[2024-03-22T18:57:02.754+0000] {taskinstance.py:1171} INFO - Dependencies all met for <TaskInstance: milestone3.fetch_data_from_progresql scheduled__2024-03-22T18:56:00+00:00 [queued]>
[2024-03-22T18:57:02.761+0000] {taskinstance.py:1171} INFO - Dependencies all met for <TaskInstance: milestone3.fetch_data_from_progresql scheduled__2024-03-22T18:56:00+00:00 [queued]>
[2024-03-22T18:57:02.761+0000] {taskinstance.py:1368} INFO - 
--------------------------------------------------------------------------------
[2024-03-22T18:57:02.762+0000] {taskinstance.py:1369} INFO - Starting attempt 1 of 2
[2024-03-22T18:57:02.762+0000] {taskinstance.py:1370} INFO - 
--------------------------------------------------------------------------------
[2024-03-22T18:57:02.772+0000] {taskinstance.py:1389} INFO - Executing <Task(PythonOperator): fetch_data_from_progresql> on 2024-03-22 18:56:00+00:00
[2024-03-22T18:57:02.784+0000] {standard_task_runner.py:52} INFO - Started process 2032 to run task
[2024-03-22T18:57:02.788+0000] {standard_task_runner.py:79} INFO - Running: ['***', 'tasks', 'run', 'milestone3', 'fetch_data_from_progresql', 'scheduled__2024-03-22T18:56:00+00:00', '--job-id', '229', '--raw', '--subdir', 'DAGS_FOLDER/P2M3_elia_DAG.py', '--cfg-path', '/tmp/tmpouphbtaa', '--error-file', '/tmp/tmpok6ns4g6']
[2024-03-22T18:57:02.790+0000] {standard_task_runner.py:80} INFO - Job 229: Subtask fetch_data_from_progresql
[2024-03-22T18:57:02.864+0000] {task_command.py:371} INFO - Running <TaskInstance: milestone3.fetch_data_from_progresql scheduled__2024-03-22T18:56:00+00:00 [running]> on host b79cb602ca97
[2024-03-22T18:57:02.945+0000] {taskinstance.py:1583} INFO - Exporting the following env vars:
AIRFLOW_CTX_DAG_OWNER=elia
AIRFLOW_CTX_DAG_ID=milestone3
AIRFLOW_CTX_TASK_ID=fetch_data_from_progresql
AIRFLOW_CTX_EXECUTION_DATE=2024-03-22T18:56:00+00:00
AIRFLOW_CTX_TRY_NUMBER=1
AIRFLOW_CTX_DAG_RUN_ID=scheduled__2024-03-22T18:56:00+00:00
[2024-03-22T18:57:03.326+0000] {python.py:173} INFO - Done. Returned value was: None
[2024-03-22T18:57:03.421+0000] {taskinstance.py:1412} INFO - Marking task as SUCCESS. dag_id=milestone3, task_id=fetch_data_from_progresql, execution_date=20240322T185600, start_date=20240322T185702, end_date=20240322T185703
[2024-03-22T18:57:03.461+0000] {local_task_job.py:156} INFO - Task exited with return code 0
[2024-03-22T18:57:03.584+0000] {local_task_job.py:279} INFO - 1 downstream tasks scheduled from follow-on schedule check
