[2024-03-22T19:27:56.650+0000] {taskinstance.py:1171} INFO - Dependencies all met for <TaskInstance: milestone3.fetch_data_from_progresql manual__2024-03-22T19:27:54.651734+00:00 [queued]>
[2024-03-22T19:27:56.692+0000] {taskinstance.py:1171} INFO - Dependencies all met for <TaskInstance: milestone3.fetch_data_from_progresql manual__2024-03-22T19:27:54.651734+00:00 [queued]>
[2024-03-22T19:27:56.693+0000] {taskinstance.py:1368} INFO - 
--------------------------------------------------------------------------------
[2024-03-22T19:27:56.693+0000] {taskinstance.py:1369} INFO - Starting attempt 1 of 2
[2024-03-22T19:27:56.693+0000] {taskinstance.py:1370} INFO - 
--------------------------------------------------------------------------------
[2024-03-22T19:27:56.714+0000] {taskinstance.py:1389} INFO - Executing <Task(PythonOperator): fetch_data_from_progresql> on 2024-03-22 19:27:54.651734+00:00
[2024-03-22T19:27:56.727+0000] {standard_task_runner.py:52} INFO - Started process 2686 to run task
[2024-03-22T19:27:56.757+0000] {standard_task_runner.py:79} INFO - Running: ['***', 'tasks', 'run', 'milestone3', 'fetch_data_from_progresql', 'manual__2024-03-22T19:27:54.651734+00:00', '--job-id', '315', '--raw', '--subdir', 'DAGS_FOLDER/P2M3_elia_DAG.py', '--cfg-path', '/tmp/tmp4ittw8ie', '--error-file', '/tmp/tmpg6_lxqio']
[2024-03-22T19:27:56.762+0000] {standard_task_runner.py:80} INFO - Job 315: Subtask fetch_data_from_progresql
[2024-03-22T19:27:56.880+0000] {task_command.py:371} INFO - Running <TaskInstance: milestone3.fetch_data_from_progresql manual__2024-03-22T19:27:54.651734+00:00 [running]> on host b79cb602ca97
[2024-03-22T19:27:56.988+0000] {taskinstance.py:1583} INFO - Exporting the following env vars:
AIRFLOW_CTX_DAG_OWNER=elia
AIRFLOW_CTX_DAG_ID=milestone3
AIRFLOW_CTX_TASK_ID=fetch_data_from_progresql
AIRFLOW_CTX_EXECUTION_DATE=2024-03-22T19:27:54.651734+00:00
AIRFLOW_CTX_TRY_NUMBER=1
AIRFLOW_CTX_DAG_RUN_ID=manual__2024-03-22T19:27:54.651734+00:00
[2024-03-22T19:27:57.621+0000] {python.py:173} INFO - Done. Returned value was: None
[2024-03-22T19:27:57.707+0000] {taskinstance.py:1412} INFO - Marking task as SUCCESS. dag_id=milestone3, task_id=fetch_data_from_progresql, execution_date=20240322T192754, start_date=20240322T192756, end_date=20240322T192757
[2024-03-22T19:27:57.750+0000] {local_task_job.py:156} INFO - Task exited with return code 0
[2024-03-22T19:27:57.813+0000] {local_task_job.py:279} INFO - 1 downstream tasks scheduled from follow-on schedule check
