[2024-03-22T20:30:26.718+0000] {taskinstance.py:1171} INFO - Dependencies all met for <TaskInstance: milestone3.fetch_data_from_progresql scheduled__2024-03-22T20:00:00+00:00 [queued]>
[2024-03-22T20:30:26.726+0000] {taskinstance.py:1171} INFO - Dependencies all met for <TaskInstance: milestone3.fetch_data_from_progresql scheduled__2024-03-22T20:00:00+00:00 [queued]>
[2024-03-22T20:30:26.726+0000] {taskinstance.py:1368} INFO - 
--------------------------------------------------------------------------------
[2024-03-22T20:30:26.727+0000] {taskinstance.py:1369} INFO - Starting attempt 1 of 2
[2024-03-22T20:30:26.727+0000] {taskinstance.py:1370} INFO - 
--------------------------------------------------------------------------------
[2024-03-22T20:30:26.736+0000] {taskinstance.py:1389} INFO - Executing <Task(PythonOperator): fetch_data_from_progresql> on 2024-03-22 20:00:00+00:00
[2024-03-22T20:30:26.741+0000] {standard_task_runner.py:52} INFO - Started process 3337 to run task
[2024-03-22T20:30:26.743+0000] {standard_task_runner.py:79} INFO - Running: ['***', 'tasks', 'run', 'milestone3', 'fetch_data_from_progresql', 'scheduled__2024-03-22T20:00:00+00:00', '--job-id', '326', '--raw', '--subdir', 'DAGS_FOLDER/P2M3_elia_DAG.py', '--cfg-path', '/tmp/tmpxy9l4068', '--error-file', '/tmp/tmpaxrq4sbo']
[2024-03-22T20:30:26.744+0000] {standard_task_runner.py:80} INFO - Job 326: Subtask fetch_data_from_progresql
[2024-03-22T20:30:26.801+0000] {task_command.py:371} INFO - Running <TaskInstance: milestone3.fetch_data_from_progresql scheduled__2024-03-22T20:00:00+00:00 [running]> on host b79cb602ca97
[2024-03-22T20:30:26.860+0000] {taskinstance.py:1583} INFO - Exporting the following env vars:
AIRFLOW_CTX_DAG_OWNER=elia
AIRFLOW_CTX_DAG_ID=milestone3
AIRFLOW_CTX_TASK_ID=fetch_data_from_progresql
AIRFLOW_CTX_EXECUTION_DATE=2024-03-22T20:00:00+00:00
AIRFLOW_CTX_TRY_NUMBER=1
AIRFLOW_CTX_DAG_RUN_ID=scheduled__2024-03-22T20:00:00+00:00
[2024-03-22T20:30:27.276+0000] {python.py:173} INFO - Done. Returned value was: None
[2024-03-22T20:30:27.290+0000] {taskinstance.py:1412} INFO - Marking task as SUCCESS. dag_id=milestone3, task_id=fetch_data_from_progresql, execution_date=20240322T200000, start_date=20240322T203026, end_date=20240322T203027
[2024-03-22T20:30:27.339+0000] {local_task_job.py:156} INFO - Task exited with return code 0
[2024-03-22T20:30:27.376+0000] {local_task_job.py:279} INFO - 0 downstream tasks scheduled from follow-on schedule check
