[2024-03-23T16:10:16.090+0000] {taskinstance.py:1171} INFO - Dependencies all met for <TaskInstance: milestone3.fetch_data_from_progresql manual__2024-03-23T16:10:15.067996+00:00 [queued]>
[2024-03-23T16:10:16.099+0000] {taskinstance.py:1171} INFO - Dependencies all met for <TaskInstance: milestone3.fetch_data_from_progresql manual__2024-03-23T16:10:15.067996+00:00 [queued]>
[2024-03-23T16:10:16.099+0000] {taskinstance.py:1368} INFO - 
--------------------------------------------------------------------------------
[2024-03-23T16:10:16.099+0000] {taskinstance.py:1369} INFO - Starting attempt 1 of 1
[2024-03-23T16:10:16.099+0000] {taskinstance.py:1370} INFO - 
--------------------------------------------------------------------------------
[2024-03-23T16:10:16.108+0000] {taskinstance.py:1389} INFO - Executing <Task(PythonOperator): fetch_data_from_progresql> on 2024-03-23 16:10:15.067996+00:00
[2024-03-23T16:10:16.112+0000] {standard_task_runner.py:52} INFO - Started process 208 to run task
[2024-03-23T16:10:16.114+0000] {standard_task_runner.py:79} INFO - Running: ['***', 'tasks', 'run', 'milestone3', 'fetch_data_from_progresql', 'manual__2024-03-23T16:10:15.067996+00:00', '--job-id', '443', '--raw', '--subdir', 'DAGS_FOLDER/P2M3_elia_DAG.py', '--cfg-path', '/tmp/tmpni1q0jxb', '--error-file', '/tmp/tmpheuiyck3']
[2024-03-23T16:10:16.115+0000] {standard_task_runner.py:80} INFO - Job 443: Subtask fetch_data_from_progresql
[2024-03-23T16:10:16.190+0000] {task_command.py:371} INFO - Running <TaskInstance: milestone3.fetch_data_from_progresql manual__2024-03-23T16:10:15.067996+00:00 [running]> on host 34a721b32e14
[2024-03-23T16:10:16.270+0000] {taskinstance.py:1583} INFO - Exporting the following env vars:
AIRFLOW_CTX_DAG_OWNER=elia
AIRFLOW_CTX_DAG_ID=milestone3
AIRFLOW_CTX_TASK_ID=fetch_data_from_progresql
AIRFLOW_CTX_EXECUTION_DATE=2024-03-23T16:10:15.067996+00:00
AIRFLOW_CTX_TRY_NUMBER=1
AIRFLOW_CTX_DAG_RUN_ID=manual__2024-03-23T16:10:15.067996+00:00
[2024-03-23T16:10:16.641+0000] {python.py:173} INFO - Done. Returned value was: None
[2024-03-23T16:10:16.668+0000] {taskinstance.py:1412} INFO - Marking task as SUCCESS. dag_id=milestone3, task_id=fetch_data_from_progresql, execution_date=20240323T161015, start_date=20240323T161016, end_date=20240323T161016
[2024-03-23T16:10:16.710+0000] {local_task_job.py:156} INFO - Task exited with return code 0
[2024-03-23T16:10:16.746+0000] {local_task_job.py:279} INFO - 1 downstream tasks scheduled from follow-on schedule check
