[2024-03-22T17:40:01.802+0000] {taskinstance.py:1171} INFO - Dependencies all met for <TaskInstance: milestone3.fetch_data_from_progresql scheduled__2024-03-22T17:39:00+00:00 [queued]>
[2024-03-22T17:40:01.810+0000] {taskinstance.py:1171} INFO - Dependencies all met for <TaskInstance: milestone3.fetch_data_from_progresql scheduled__2024-03-22T17:39:00+00:00 [queued]>
[2024-03-22T17:40:01.810+0000] {taskinstance.py:1368} INFO - 
--------------------------------------------------------------------------------
[2024-03-22T17:40:01.811+0000] {taskinstance.py:1369} INFO - Starting attempt 1 of 2
[2024-03-22T17:40:01.811+0000] {taskinstance.py:1370} INFO - 
--------------------------------------------------------------------------------
[2024-03-22T17:40:01.818+0000] {taskinstance.py:1389} INFO - Executing <Task(PythonOperator): fetch_data_from_progresql> on 2024-03-22 17:39:00+00:00
[2024-03-22T17:40:01.825+0000] {standard_task_runner.py:52} INFO - Started process 523 to run task
[2024-03-22T17:40:01.827+0000] {standard_task_runner.py:79} INFO - Running: ['***', 'tasks', 'run', 'milestone3', 'fetch_data_from_progresql', 'scheduled__2024-03-22T17:39:00+00:00', '--job-id', '40', '--raw', '--subdir', 'DAGS_FOLDER/P2M3_elia_DAG.py', '--cfg-path', '/tmp/tmpo75vlulu', '--error-file', '/tmp/tmpm3shsqhw']
[2024-03-22T17:40:01.829+0000] {standard_task_runner.py:80} INFO - Job 40: Subtask fetch_data_from_progresql
[2024-03-22T17:40:01.878+0000] {task_command.py:371} INFO - Running <TaskInstance: milestone3.fetch_data_from_progresql scheduled__2024-03-22T17:39:00+00:00 [running]> on host b79cb602ca97
[2024-03-22T17:40:01.959+0000] {taskinstance.py:1583} INFO - Exporting the following env vars:
AIRFLOW_CTX_DAG_OWNER=elia
AIRFLOW_CTX_DAG_ID=milestone3
AIRFLOW_CTX_TASK_ID=fetch_data_from_progresql
AIRFLOW_CTX_EXECUTION_DATE=2024-03-22T17:39:00+00:00
AIRFLOW_CTX_TRY_NUMBER=1
AIRFLOW_CTX_DAG_RUN_ID=scheduled__2024-03-22T17:39:00+00:00
[2024-03-22T17:40:01.963+0000] {taskinstance.py:1902} ERROR - Task failed with exception
Traceback (most recent call last):
  File "/home/airflow/.local/lib/python3.7/site-packages/airflow/operators/python.py", line 171, in execute
    return_value = self.execute_callable()
  File "/home/airflow/.local/lib/python3.7/site-packages/airflow/operators/python.py", line 189, in execute_callable
    return self.python_callable(*self.op_args, **self.op_kwargs)
  File "/opt/airflow/dags/P2M3_elia_DAG.py", line 25, in fetch_data
    connection = psycopg2.connect(connection_string)
  File "/home/airflow/.local/lib/python3.7/site-packages/psycopg2/__init__.py", line 122, in connect
    conn = _connect(dsn, connection_factory=connection_factory, **kwasync)
psycopg2.OperationalError: FATAL:  database "milestone" does not exist

[2024-03-22T17:40:01.974+0000] {taskinstance.py:1412} INFO - Marking task as UP_FOR_RETRY. dag_id=milestone3, task_id=fetch_data_from_progresql, execution_date=20240322T173900, start_date=20240322T174001, end_date=20240322T174001
[2024-03-22T17:40:01.983+0000] {standard_task_runner.py:97} ERROR - Failed to execute job 40 for task fetch_data_from_progresql (FATAL:  database "milestone" does not exist
; 523)
[2024-03-22T17:40:02.008+0000] {local_task_job.py:156} INFO - Task exited with return code 1
[2024-03-22T17:40:02.050+0000] {local_task_job.py:279} INFO - 0 downstream tasks scheduled from follow-on schedule check
