[2024-03-23T15:42:07.920+0000] {taskinstance.py:1171} INFO - Dependencies all met for <TaskInstance: milestone3.clean_data manual__2024-03-23T15:42:01.266583+00:00 [queued]>
[2024-03-23T15:42:07.931+0000] {taskinstance.py:1171} INFO - Dependencies all met for <TaskInstance: milestone3.clean_data manual__2024-03-23T15:42:01.266583+00:00 [queued]>
[2024-03-23T15:42:07.931+0000] {taskinstance.py:1368} INFO - 
--------------------------------------------------------------------------------
[2024-03-23T15:42:07.931+0000] {taskinstance.py:1369} INFO - Starting attempt 1 of 1
[2024-03-23T15:42:07.932+0000] {taskinstance.py:1370} INFO - 
--------------------------------------------------------------------------------
[2024-03-23T15:42:07.942+0000] {taskinstance.py:1389} INFO - Executing <Task(PythonOperator): clean_data> on 2024-03-23 15:42:01.266583+00:00
[2024-03-23T15:42:07.949+0000] {standard_task_runner.py:52} INFO - Started process 319 to run task
[2024-03-23T15:42:07.953+0000] {standard_task_runner.py:79} INFO - Running: ['***', 'tasks', 'run', 'milestone3', 'clean_data', 'manual__2024-03-23T15:42:01.266583+00:00', '--job-id', '428', '--raw', '--subdir', 'DAGS_FOLDER/P2M3_elia_DAG.py', '--cfg-path', '/tmp/tmp7nbkxp7m', '--error-file', '/tmp/tmplqv5gsaj']
[2024-03-23T15:42:07.954+0000] {standard_task_runner.py:80} INFO - Job 428: Subtask clean_data
[2024-03-23T15:42:08.022+0000] {task_command.py:371} INFO - Running <TaskInstance: milestone3.clean_data manual__2024-03-23T15:42:01.266583+00:00 [running]> on host 36f1cf8ef9fe
[2024-03-23T15:42:08.101+0000] {taskinstance.py:1583} INFO - Exporting the following env vars:
AIRFLOW_CTX_DAG_OWNER=elia
AIRFLOW_CTX_DAG_ID=milestone3
AIRFLOW_CTX_TASK_ID=clean_data
AIRFLOW_CTX_EXECUTION_DATE=2024-03-23T15:42:01.266583+00:00
AIRFLOW_CTX_TRY_NUMBER=1
AIRFLOW_CTX_DAG_RUN_ID=manual__2024-03-23T15:42:01.266583+00:00
[2024-03-23T15:42:08.477+0000] {python.py:173} INFO - Done. Returned value was: None
[2024-03-23T15:42:08.539+0000] {taskinstance.py:1412} INFO - Marking task as SUCCESS. dag_id=milestone3, task_id=clean_data, execution_date=20240323T154201, start_date=20240323T154207, end_date=20240323T154208
[2024-03-23T15:42:08.585+0000] {local_task_job.py:156} INFO - Task exited with return code 0
[2024-03-23T15:42:08.633+0000] {local_task_job.py:279} INFO - 1 downstream tasks scheduled from follow-on schedule check
