[2024-03-23T07:08:33.814+0000] {taskinstance.py:1171} INFO - Dependencies all met for <TaskInstance: milestone3.clean_data manual__2024-03-23T07:08:20.597046+00:00 [queued]>
[2024-03-23T07:08:33.827+0000] {taskinstance.py:1171} INFO - Dependencies all met for <TaskInstance: milestone3.clean_data manual__2024-03-23T07:08:20.597046+00:00 [queued]>
[2024-03-23T07:08:33.827+0000] {taskinstance.py:1368} INFO - 
--------------------------------------------------------------------------------
[2024-03-23T07:08:33.828+0000] {taskinstance.py:1369} INFO - Starting attempt 1 of 2
[2024-03-23T07:08:33.828+0000] {taskinstance.py:1370} INFO - 
--------------------------------------------------------------------------------
[2024-03-23T07:08:33.841+0000] {taskinstance.py:1389} INFO - Executing <Task(PythonOperator): clean_data> on 2024-03-23 07:08:20.597046+00:00
[2024-03-23T07:08:33.849+0000] {standard_task_runner.py:52} INFO - Started process 409 to run task
[2024-03-23T07:08:33.852+0000] {standard_task_runner.py:79} INFO - Running: ['***', 'tasks', 'run', 'milestone3', 'clean_data', 'manual__2024-03-23T07:08:20.597046+00:00', '--job-id', '353', '--raw', '--subdir', 'DAGS_FOLDER/P2M3_elia_DAG.py', '--cfg-path', '/tmp/tmpol_6c_zo', '--error-file', '/tmp/tmpe0stippt']
[2024-03-23T07:08:33.854+0000] {standard_task_runner.py:80} INFO - Job 353: Subtask clean_data
[2024-03-23T07:08:33.931+0000] {task_command.py:371} INFO - Running <TaskInstance: milestone3.clean_data manual__2024-03-23T07:08:20.597046+00:00 [running]> on host 7b7d175dbcb8
[2024-03-23T07:08:33.991+0000] {taskinstance.py:1583} INFO - Exporting the following env vars:
AIRFLOW_CTX_DAG_OWNER=elia
AIRFLOW_CTX_DAG_ID=milestone3
AIRFLOW_CTX_TASK_ID=clean_data
AIRFLOW_CTX_EXECUTION_DATE=2024-03-23T07:08:20.597046+00:00
AIRFLOW_CTX_TRY_NUMBER=1
AIRFLOW_CTX_DAG_RUN_ID=manual__2024-03-23T07:08:20.597046+00:00
[2024-03-23T07:08:34.411+0000] {python.py:173} INFO - Done. Returned value was: None
[2024-03-23T07:08:34.440+0000] {taskinstance.py:1412} INFO - Marking task as SUCCESS. dag_id=milestone3, task_id=clean_data, execution_date=20240323T070820, start_date=20240323T070833, end_date=20240323T070834
[2024-03-23T07:08:34.528+0000] {local_task_job.py:156} INFO - Task exited with return code 0
[2024-03-23T07:08:34.645+0000] {local_task_job.py:279} INFO - 1 downstream tasks scheduled from follow-on schedule check
