[2024-03-22T19:00:07.735+0000] {taskinstance.py:1171} INFO - Dependencies all met for <TaskInstance: milestone3.clean_data scheduled__2024-03-22T18:58:00+00:00 [queued]>
[2024-03-22T19:00:07.745+0000] {taskinstance.py:1171} INFO - Dependencies all met for <TaskInstance: milestone3.clean_data scheduled__2024-03-22T18:58:00+00:00 [queued]>
[2024-03-22T19:00:07.746+0000] {taskinstance.py:1368} INFO - 
--------------------------------------------------------------------------------
[2024-03-22T19:00:07.746+0000] {taskinstance.py:1369} INFO - Starting attempt 2 of 2
[2024-03-22T19:00:07.746+0000] {taskinstance.py:1370} INFO - 
--------------------------------------------------------------------------------
[2024-03-22T19:00:07.758+0000] {taskinstance.py:1389} INFO - Executing <Task(PythonOperator): clean_data> on 2024-03-22 18:58:00+00:00
[2024-03-22T19:00:07.809+0000] {standard_task_runner.py:52} INFO - Started process 2121 to run task
[2024-03-22T19:00:07.830+0000] {standard_task_runner.py:79} INFO - Running: ['***', 'tasks', 'run', 'milestone3', 'clean_data', 'scheduled__2024-03-22T18:58:00+00:00', '--job-id', '243', '--raw', '--subdir', 'DAGS_FOLDER/P2M3_elia_DAG.py', '--cfg-path', '/tmp/tmpjq9fzh0g', '--error-file', '/tmp/tmpkq4a7tmk']
[2024-03-22T19:00:07.834+0000] {standard_task_runner.py:80} INFO - Job 243: Subtask clean_data
[2024-03-22T19:00:07.948+0000] {task_command.py:371} INFO - Running <TaskInstance: milestone3.clean_data scheduled__2024-03-22T18:58:00+00:00 [running]> on host b79cb602ca97
[2024-03-22T19:00:08.034+0000] {taskinstance.py:1583} INFO - Exporting the following env vars:
AIRFLOW_CTX_DAG_OWNER=elia
AIRFLOW_CTX_DAG_ID=milestone3
AIRFLOW_CTX_TASK_ID=clean_data
AIRFLOW_CTX_EXECUTION_DATE=2024-03-22T18:58:00+00:00
AIRFLOW_CTX_TRY_NUMBER=2
AIRFLOW_CTX_DAG_RUN_ID=scheduled__2024-03-22T18:58:00+00:00
[2024-03-22T19:00:08.243+0000] {logging_mixin.py:115} INFO -    index      Date    Year     Month  ...  Unit Price   Cost Revenue Column1
0      0  02/19/16  2016.0  February  ...  109.000000   80.0   109.0     NaN
1      1  02/20/16  2016.0  February  ...   28.500000   49.0    57.0     NaN
2      2  02/27/16  2016.0  February  ...    5.000000   11.0    15.0     NaN
3      3  03/12/16  2016.0     March  ...  116.500000  175.0   233.0     NaN
4      4  03/12/16  2016.0     March  ...   41.666667  105.0   125.0     NaN

[5 rows x 16 columns]
[2024-03-22T19:00:08.296+0000] {logging_mixin.py:115} INFO -    index      Date    Year     Month  ...  Unit Price   Cost Revenue Column1
0      0  02/19/16  2016.0  February  ...  109.000000   80.0   109.0     NaN
1      1  02/20/16  2016.0  February  ...   28.500000   49.0    57.0     NaN
2      2  02/27/16  2016.0  February  ...    5.000000   11.0    15.0     NaN
3      3  03/12/16  2016.0     March  ...  116.500000  175.0   233.0     NaN
4      4  03/12/16  2016.0     March  ...   41.666667  105.0   125.0     NaN

[5 rows x 16 columns]
[2024-03-22T19:00:08.305+0000] {logging_mixin.py:115} INFO - Index(['index', 'date', 'year', 'month', 'customer_age', 'customer_gender',
       'country', 'state', 'product_category', 'sub_category', 'quantity',
       'unit_cost', 'unit_price', 'cost', 'revenue'],
      dtype='object')
[2024-03-22T19:00:08.734+0000] {python.py:173} INFO - Done. Returned value was: None
[2024-03-22T19:00:08.792+0000] {taskinstance.py:1412} INFO - Marking task as SUCCESS. dag_id=milestone3, task_id=clean_data, execution_date=20240322T185800, start_date=20240322T190007, end_date=20240322T190008
[2024-03-22T19:00:08.849+0000] {local_task_job.py:156} INFO - Task exited with return code 0
[2024-03-22T19:00:08.914+0000] {local_task_job.py:279} INFO - 1 downstream tasks scheduled from follow-on schedule check
