[2024-03-22T19:04:04.205+0000] {taskinstance.py:1171} INFO - Dependencies all met for <TaskInstance: milestone3.clean_data scheduled__2024-03-22T19:03:00+00:00 [queued]>
[2024-03-22T19:04:04.212+0000] {taskinstance.py:1171} INFO - Dependencies all met for <TaskInstance: milestone3.clean_data scheduled__2024-03-22T19:03:00+00:00 [queued]>
[2024-03-22T19:04:04.213+0000] {taskinstance.py:1368} INFO - 
--------------------------------------------------------------------------------
[2024-03-22T19:04:04.213+0000] {taskinstance.py:1369} INFO - Starting attempt 1 of 2
[2024-03-22T19:04:04.213+0000] {taskinstance.py:1370} INFO - 
--------------------------------------------------------------------------------
[2024-03-22T19:04:04.221+0000] {taskinstance.py:1389} INFO - Executing <Task(PythonOperator): clean_data> on 2024-03-22 19:03:00+00:00
[2024-03-22T19:04:04.228+0000] {standard_task_runner.py:52} INFO - Started process 2236 to run task
[2024-03-22T19:04:04.231+0000] {standard_task_runner.py:79} INFO - Running: ['***', 'tasks', 'run', 'milestone3', 'clean_data', 'scheduled__2024-03-22T19:03:00+00:00', '--job-id', '265', '--raw', '--subdir', 'DAGS_FOLDER/P2M3_elia_DAG.py', '--cfg-path', '/tmp/tmp7czlzu6h', '--error-file', '/tmp/tmp8ed8ezeu']
[2024-03-22T19:04:04.232+0000] {standard_task_runner.py:80} INFO - Job 265: Subtask clean_data
[2024-03-22T19:04:04.319+0000] {task_command.py:371} INFO - Running <TaskInstance: milestone3.clean_data scheduled__2024-03-22T19:03:00+00:00 [running]> on host b79cb602ca97
[2024-03-22T19:04:04.406+0000] {taskinstance.py:1583} INFO - Exporting the following env vars:
AIRFLOW_CTX_DAG_OWNER=elia
AIRFLOW_CTX_DAG_ID=milestone3
AIRFLOW_CTX_TASK_ID=clean_data
AIRFLOW_CTX_EXECUTION_DATE=2024-03-22T19:03:00+00:00
AIRFLOW_CTX_TRY_NUMBER=1
AIRFLOW_CTX_DAG_RUN_ID=scheduled__2024-03-22T19:03:00+00:00
[2024-03-22T19:04:04.757+0000] {python.py:173} INFO - Done. Returned value was: None
[2024-03-22T19:04:04.776+0000] {taskinstance.py:1412} INFO - Marking task as SUCCESS. dag_id=milestone3, task_id=clean_data, execution_date=20240322T190300, start_date=20240322T190404, end_date=20240322T190404
[2024-03-22T19:04:04.833+0000] {local_task_job.py:156} INFO - Task exited with return code 0
[2024-03-22T19:04:04.882+0000] {local_task_job.py:279} INFO - 1 downstream tasks scheduled from follow-on schedule check
[2024-03-22T19:05:10.791+0000] {taskinstance.py:1171} INFO - Dependencies all met for <TaskInstance: milestone3.clean_data scheduled__2024-03-22T19:03:00+00:00 [queued]>
[2024-03-22T19:05:10.879+0000] {taskinstance.py:1171} INFO - Dependencies all met for <TaskInstance: milestone3.clean_data scheduled__2024-03-22T19:03:00+00:00 [queued]>
[2024-03-22T19:05:10.882+0000] {taskinstance.py:1368} INFO - 
--------------------------------------------------------------------------------
[2024-03-22T19:05:10.883+0000] {taskinstance.py:1369} INFO - Starting attempt 1 of 2
[2024-03-22T19:05:10.883+0000] {taskinstance.py:1370} INFO - 
--------------------------------------------------------------------------------
[2024-03-22T19:05:10.935+0000] {taskinstance.py:1389} INFO - Executing <Task(PythonOperator): clean_data> on 2024-03-22 19:03:00+00:00
[2024-03-22T19:05:10.958+0000] {standard_task_runner.py:52} INFO - Started process 2269 to run task
[2024-03-22T19:05:11.015+0000] {standard_task_runner.py:79} INFO - Running: ['***', 'tasks', 'run', 'milestone3', 'clean_data', 'scheduled__2024-03-22T19:03:00+00:00', '--job-id', '271', '--raw', '--subdir', 'DAGS_FOLDER/P2M3_elia_DAG.py', '--cfg-path', '/tmp/tmpsd8w3vme', '--error-file', '/tmp/tmps5c943ct']
[2024-03-22T19:05:11.019+0000] {standard_task_runner.py:80} INFO - Job 271: Subtask clean_data
[2024-03-22T19:05:14.224+0000] {task_command.py:371} INFO - Running <TaskInstance: milestone3.clean_data scheduled__2024-03-22T19:03:00+00:00 [running]> on host b79cb602ca97
[2024-03-22T19:05:14.708+0000] {taskinstance.py:1583} INFO - Exporting the following env vars:
AIRFLOW_CTX_DAG_OWNER=elia
AIRFLOW_CTX_DAG_ID=milestone3
AIRFLOW_CTX_TASK_ID=clean_data
AIRFLOW_CTX_EXECUTION_DATE=2024-03-22T19:03:00+00:00
AIRFLOW_CTX_TRY_NUMBER=1
AIRFLOW_CTX_DAG_RUN_ID=scheduled__2024-03-22T19:03:00+00:00
[2024-03-22T19:05:15.839+0000] {python.py:173} INFO - Done. Returned value was: None
[2024-03-22T19:05:15.904+0000] {taskinstance.py:1412} INFO - Marking task as SUCCESS. dag_id=milestone3, task_id=clean_data, execution_date=20240322T190300, start_date=20240322T190510, end_date=20240322T190515
[2024-03-22T19:05:15.986+0000] {local_task_job.py:156} INFO - Task exited with return code 0
[2024-03-22T19:05:16.134+0000] {local_task_job.py:279} INFO - 1 downstream tasks scheduled from follow-on schedule check
