[2024-03-23T06:52:20.785+0000] {taskinstance.py:1171} INFO - Dependencies all met for <TaskInstance: milestone3.clean_data scheduled__2024-03-23T06:00:00+00:00 [queued]>
[2024-03-23T06:52:20.793+0000] {taskinstance.py:1171} INFO - Dependencies all met for <TaskInstance: milestone3.clean_data scheduled__2024-03-23T06:00:00+00:00 [queued]>
[2024-03-23T06:52:20.794+0000] {taskinstance.py:1368} INFO - 
--------------------------------------------------------------------------------
[2024-03-23T06:52:20.794+0000] {taskinstance.py:1369} INFO - Starting attempt 1 of 2
[2024-03-23T06:52:20.794+0000] {taskinstance.py:1370} INFO - 
--------------------------------------------------------------------------------
[2024-03-23T06:52:20.827+0000] {taskinstance.py:1389} INFO - Executing <Task(PythonOperator): clean_data> on 2024-03-23 06:00:00+00:00
[2024-03-23T06:52:20.912+0000] {standard_task_runner.py:52} INFO - Started process 208 to run task
[2024-03-23T06:52:20.975+0000] {standard_task_runner.py:79} INFO - Running: ['***', 'tasks', 'run', 'milestone3', 'clean_data', 'scheduled__2024-03-23T06:00:00+00:00', '--job-id', '345', '--raw', '--subdir', 'DAGS_FOLDER/P2M3_elia_DAG.py', '--cfg-path', '/tmp/tmpmoxx2aqs', '--error-file', '/tmp/tmpj8fuiyxt']
[2024-03-23T06:52:20.980+0000] {standard_task_runner.py:80} INFO - Job 345: Subtask clean_data
[2024-03-23T06:52:21.317+0000] {task_command.py:371} INFO - Running <TaskInstance: milestone3.clean_data scheduled__2024-03-23T06:00:00+00:00 [running]> on host 7b7d175dbcb8
[2024-03-23T06:52:21.566+0000] {taskinstance.py:1583} INFO - Exporting the following env vars:
AIRFLOW_CTX_DAG_OWNER=elia
AIRFLOW_CTX_DAG_ID=milestone3
AIRFLOW_CTX_TASK_ID=clean_data
AIRFLOW_CTX_EXECUTION_DATE=2024-03-23T06:00:00+00:00
AIRFLOW_CTX_TRY_NUMBER=1
AIRFLOW_CTX_DAG_RUN_ID=scheduled__2024-03-23T06:00:00+00:00
[2024-03-23T06:52:22.137+0000] {python.py:173} INFO - Done. Returned value was: None
[2024-03-23T06:52:22.202+0000] {taskinstance.py:1412} INFO - Marking task as SUCCESS. dag_id=milestone3, task_id=clean_data, execution_date=20240323T060000, start_date=20240323T065220, end_date=20240323T065222
[2024-03-23T06:52:22.267+0000] {local_task_job.py:156} INFO - Task exited with return code 0
[2024-03-23T06:52:22.410+0000] {local_task_job.py:279} INFO - 1 downstream tasks scheduled from follow-on schedule check
