[2024-03-22T17:58:02.548+0000] {taskinstance.py:1171} INFO - Dependencies all met for <TaskInstance: milestone3.fetch_data_from_progresql scheduled__2024-03-22T17:56:00+00:00 [queued]>
[2024-03-22T17:58:02.558+0000] {taskinstance.py:1171} INFO - Dependencies all met for <TaskInstance: milestone3.fetch_data_from_progresql scheduled__2024-03-22T17:56:00+00:00 [queued]>
[2024-03-22T17:58:02.559+0000] {taskinstance.py:1368} INFO - 
--------------------------------------------------------------------------------
[2024-03-22T17:58:02.559+0000] {taskinstance.py:1369} INFO - Starting attempt 2 of 2
[2024-03-22T17:58:02.559+0000] {taskinstance.py:1370} INFO - 
--------------------------------------------------------------------------------
[2024-03-22T17:58:02.568+0000] {taskinstance.py:1389} INFO - Executing <Task(PythonOperator): fetch_data_from_progresql> on 2024-03-22 17:56:00+00:00
[2024-03-22T17:58:02.575+0000] {standard_task_runner.py:52} INFO - Started process 844 to run task
[2024-03-22T17:58:02.578+0000] {standard_task_runner.py:79} INFO - Running: ['***', 'tasks', 'run', 'milestone3', 'fetch_data_from_progresql', 'scheduled__2024-03-22T17:56:00+00:00', '--job-id', '77', '--raw', '--subdir', 'DAGS_FOLDER/P2M3_elia_DAG.py', '--cfg-path', '/tmp/tmp8jaox_sr', '--error-file', '/tmp/tmp0vwre2e7']
[2024-03-22T17:58:02.579+0000] {standard_task_runner.py:80} INFO - Job 77: Subtask fetch_data_from_progresql
[2024-03-22T17:58:02.631+0000] {task_command.py:371} INFO - Running <TaskInstance: milestone3.fetch_data_from_progresql scheduled__2024-03-22T17:56:00+00:00 [running]> on host b79cb602ca97
[2024-03-22T17:58:02.684+0000] {taskinstance.py:1583} INFO - Exporting the following env vars:
AIRFLOW_CTX_DAG_OWNER=elia
AIRFLOW_CTX_DAG_ID=milestone3
AIRFLOW_CTX_TASK_ID=fetch_data_from_progresql
AIRFLOW_CTX_EXECUTION_DATE=2024-03-22T17:56:00+00:00
AIRFLOW_CTX_TRY_NUMBER=2
AIRFLOW_CTX_DAG_RUN_ID=scheduled__2024-03-22T17:56:00+00:00
[2024-03-22T17:58:02.689+0000] {taskinstance.py:1902} ERROR - Task failed with exception
Traceback (most recent call last):
  File "/home/airflow/.local/lib/python3.7/site-packages/airflow/operators/python.py", line 171, in execute
    return_value = self.execute_callable()
  File "/home/airflow/.local/lib/python3.7/site-packages/airflow/operators/python.py", line 189, in execute_callable
    return self.python_callable(*self.op_args, **self.op_kwargs)
  File "/opt/airflow/dags/P2M3_elia_DAG.py", line 25, in fetch_data
    connection = psycopg2.connect(connection_string)
  File "/home/airflow/.local/lib/python3.7/site-packages/psycopg2/__init__.py", line 122, in connect
    conn = _connect(dsn, connection_factory=connection_factory, **kwasync)
psycopg2.OperationalError: could not translate host name "***" to address: Name or service not known

[2024-03-22T17:58:02.703+0000] {taskinstance.py:1412} INFO - Marking task as FAILED. dag_id=milestone3, task_id=fetch_data_from_progresql, execution_date=20240322T175600, start_date=20240322T175802, end_date=20240322T175802
[2024-03-22T17:58:02.712+0000] {standard_task_runner.py:97} ERROR - Failed to execute job 77 for task fetch_data_from_progresql (could not translate host name "***" to address: Name or service not known
; 844)
[2024-03-22T17:58:02.717+0000] {local_task_job.py:156} INFO - Task exited with return code 1
[2024-03-22T17:58:02.749+0000] {local_task_job.py:279} INFO - 0 downstream tasks scheduled from follow-on schedule check
