[2024-03-22T19:04:01.879+0000] {taskinstance.py:1171} INFO - Dependencies all met for <TaskInstance: milestone3.fetch_data_from_progresql scheduled__2024-03-22T19:03:00+00:00 [queued]>
[2024-03-22T19:04:01.886+0000] {taskinstance.py:1171} INFO - Dependencies all met for <TaskInstance: milestone3.fetch_data_from_progresql scheduled__2024-03-22T19:03:00+00:00 [queued]>
[2024-03-22T19:04:01.886+0000] {taskinstance.py:1368} INFO - 
--------------------------------------------------------------------------------
[2024-03-22T19:04:01.886+0000] {taskinstance.py:1369} INFO - Starting attempt 1 of 2
[2024-03-22T19:04:01.886+0000] {taskinstance.py:1370} INFO - 
--------------------------------------------------------------------------------
[2024-03-22T19:04:01.894+0000] {taskinstance.py:1389} INFO - Executing <Task(PythonOperator): fetch_data_from_progresql> on 2024-03-22 19:03:00+00:00
[2024-03-22T19:04:01.902+0000] {standard_task_runner.py:52} INFO - Started process 2233 to run task
[2024-03-22T19:04:01.905+0000] {standard_task_runner.py:79} INFO - Running: ['***', 'tasks', 'run', 'milestone3', 'fetch_data_from_progresql', 'scheduled__2024-03-22T19:03:00+00:00', '--job-id', '264', '--raw', '--subdir', 'DAGS_FOLDER/P2M3_elia_DAG.py', '--cfg-path', '/tmp/tmpxdje1e2l', '--error-file', '/tmp/tmpt30u9252']
[2024-03-22T19:04:01.906+0000] {standard_task_runner.py:80} INFO - Job 264: Subtask fetch_data_from_progresql
[2024-03-22T19:04:01.958+0000] {task_command.py:371} INFO - Running <TaskInstance: milestone3.fetch_data_from_progresql scheduled__2024-03-22T19:03:00+00:00 [running]> on host b79cb602ca97
[2024-03-22T19:04:02.017+0000] {taskinstance.py:1583} INFO - Exporting the following env vars:
AIRFLOW_CTX_DAG_OWNER=elia
AIRFLOW_CTX_DAG_ID=milestone3
AIRFLOW_CTX_TASK_ID=fetch_data_from_progresql
AIRFLOW_CTX_EXECUTION_DATE=2024-03-22T19:03:00+00:00
AIRFLOW_CTX_TRY_NUMBER=1
AIRFLOW_CTX_DAG_RUN_ID=scheduled__2024-03-22T19:03:00+00:00
[2024-03-22T19:04:02.439+0000] {python.py:173} INFO - Done. Returned value was: None
[2024-03-22T19:04:02.463+0000] {taskinstance.py:1412} INFO - Marking task as SUCCESS. dag_id=milestone3, task_id=fetch_data_from_progresql, execution_date=20240322T190300, start_date=20240322T190401, end_date=20240322T190402
[2024-03-22T19:04:02.507+0000] {local_task_job.py:156} INFO - Task exited with return code 0
[2024-03-22T19:04:02.545+0000] {local_task_job.py:279} INFO - 1 downstream tasks scheduled from follow-on schedule check
[2024-03-22T19:05:00.222+0000] {taskinstance.py:1171} INFO - Dependencies all met for <TaskInstance: milestone3.fetch_data_from_progresql scheduled__2024-03-22T19:03:00+00:00 [queued]>
[2024-03-22T19:05:00.269+0000] {taskinstance.py:1171} INFO - Dependencies all met for <TaskInstance: milestone3.fetch_data_from_progresql scheduled__2024-03-22T19:03:00+00:00 [queued]>
[2024-03-22T19:05:00.271+0000] {taskinstance.py:1368} INFO - 
--------------------------------------------------------------------------------
[2024-03-22T19:05:00.273+0000] {taskinstance.py:1369} INFO - Starting attempt 1 of 2
[2024-03-22T19:05:00.274+0000] {taskinstance.py:1370} INFO - 
--------------------------------------------------------------------------------
[2024-03-22T19:05:00.322+0000] {taskinstance.py:1389} INFO - Executing <Task(PythonOperator): fetch_data_from_progresql> on 2024-03-22 19:03:00+00:00
[2024-03-22T19:05:00.336+0000] {standard_task_runner.py:52} INFO - Started process 2260 to run task
[2024-03-22T19:05:00.342+0000] {standard_task_runner.py:79} INFO - Running: ['***', 'tasks', 'run', 'milestone3', 'fetch_data_from_progresql', 'scheduled__2024-03-22T19:03:00+00:00', '--job-id', '268', '--raw', '--subdir', 'DAGS_FOLDER/P2M3_elia_DAG.py', '--cfg-path', '/tmp/tmpqp9e3i9p', '--error-file', '/tmp/tmpxyd_9594']
[2024-03-22T19:05:00.347+0000] {standard_task_runner.py:80} INFO - Job 268: Subtask fetch_data_from_progresql
[2024-03-22T19:05:00.564+0000] {task_command.py:371} INFO - Running <TaskInstance: milestone3.fetch_data_from_progresql scheduled__2024-03-22T19:03:00+00:00 [running]> on host b79cb602ca97
[2024-03-22T19:05:00.928+0000] {taskinstance.py:1583} INFO - Exporting the following env vars:
AIRFLOW_CTX_DAG_OWNER=elia
AIRFLOW_CTX_DAG_ID=milestone3
AIRFLOW_CTX_TASK_ID=fetch_data_from_progresql
AIRFLOW_CTX_EXECUTION_DATE=2024-03-22T19:03:00+00:00
AIRFLOW_CTX_TRY_NUMBER=1
AIRFLOW_CTX_DAG_RUN_ID=scheduled__2024-03-22T19:03:00+00:00
[2024-03-22T19:05:02.552+0000] {python.py:173} INFO - Done. Returned value was: None
[2024-03-22T19:05:02.990+0000] {taskinstance.py:1412} INFO - Marking task as SUCCESS. dag_id=milestone3, task_id=fetch_data_from_progresql, execution_date=20240322T190300, start_date=20240322T190500, end_date=20240322T190502
[2024-03-22T19:05:03.599+0000] {local_task_job.py:156} INFO - Task exited with return code 0
[2024-03-22T19:05:04.955+0000] {local_task_job.py:279} INFO - 0 downstream tasks scheduled from follow-on schedule check
