[2024-03-23T11:00:05.486+0000] {taskinstance.py:1171} INFO - Dependencies all met for <TaskInstance: milestone3.fetch_data_from_progresql scheduled__2024-03-23T10:30:00+00:00 [queued]>
[2024-03-23T11:00:05.497+0000] {taskinstance.py:1171} INFO - Dependencies all met for <TaskInstance: milestone3.fetch_data_from_progresql scheduled__2024-03-23T10:30:00+00:00 [queued]>
[2024-03-23T11:00:05.498+0000] {taskinstance.py:1368} INFO - 
--------------------------------------------------------------------------------
[2024-03-23T11:00:05.498+0000] {taskinstance.py:1369} INFO - Starting attempt 1 of 1
[2024-03-23T11:00:05.498+0000] {taskinstance.py:1370} INFO - 
--------------------------------------------------------------------------------
[2024-03-23T11:00:05.510+0000] {taskinstance.py:1389} INFO - Executing <Task(PythonOperator): fetch_data_from_progresql> on 2024-03-23 10:30:00+00:00
[2024-03-23T11:00:05.556+0000] {standard_task_runner.py:52} INFO - Started process 2279 to run task
[2024-03-23T11:00:05.572+0000] {standard_task_runner.py:79} INFO - Running: ['***', 'tasks', 'run', 'milestone3', 'fetch_data_from_progresql', 'scheduled__2024-03-23T10:30:00+00:00', '--job-id', '382', '--raw', '--subdir', 'DAGS_FOLDER/P2M3_elia_DAG.py', '--cfg-path', '/tmp/tmpr7nzu2ta', '--error-file', '/tmp/tmpyrg9i7y_']
[2024-03-23T11:00:05.580+0000] {standard_task_runner.py:80} INFO - Job 382: Subtask fetch_data_from_progresql
[2024-03-23T11:00:06.179+0000] {task_command.py:371} INFO - Running <TaskInstance: milestone3.fetch_data_from_progresql scheduled__2024-03-23T10:30:00+00:00 [running]> on host b73a5d249fb9
[2024-03-23T11:00:06.695+0000] {taskinstance.py:1583} INFO - Exporting the following env vars:
AIRFLOW_CTX_DAG_OWNER=elia
AIRFLOW_CTX_DAG_ID=milestone3
AIRFLOW_CTX_TASK_ID=fetch_data_from_progresql
AIRFLOW_CTX_EXECUTION_DATE=2024-03-23T10:30:00+00:00
AIRFLOW_CTX_TRY_NUMBER=1
AIRFLOW_CTX_DAG_RUN_ID=scheduled__2024-03-23T10:30:00+00:00
[2024-03-23T11:00:07.272+0000] {python.py:173} INFO - Done. Returned value was: None
[2024-03-23T11:00:07.293+0000] {taskinstance.py:1412} INFO - Marking task as SUCCESS. dag_id=milestone3, task_id=fetch_data_from_progresql, execution_date=20240323T103000, start_date=20240323T110005, end_date=20240323T110007
[2024-03-23T11:00:07.324+0000] {local_task_job.py:156} INFO - Task exited with return code 0
[2024-03-23T11:00:07.417+0000] {local_task_job.py:279} INFO - 1 downstream tasks scheduled from follow-on schedule check
