[2024-03-22T18:31:01.864+0000] {taskinstance.py:1171} INFO - Dependencies all met for <TaskInstance: milestone3.fetch_data_from_progresql scheduled__2024-03-22T18:30:00+00:00 [queued]>
[2024-03-22T18:31:01.870+0000] {taskinstance.py:1171} INFO - Dependencies all met for <TaskInstance: milestone3.fetch_data_from_progresql scheduled__2024-03-22T18:30:00+00:00 [queued]>
[2024-03-22T18:31:01.870+0000] {taskinstance.py:1368} INFO - 
--------------------------------------------------------------------------------
[2024-03-22T18:31:01.870+0000] {taskinstance.py:1369} INFO - Starting attempt 1 of 2
[2024-03-22T18:31:01.870+0000] {taskinstance.py:1370} INFO - 
--------------------------------------------------------------------------------
[2024-03-22T18:31:01.879+0000] {taskinstance.py:1389} INFO - Executing <Task(PythonOperator): fetch_data_from_progresql> on 2024-03-22 18:30:00+00:00
[2024-03-22T18:31:01.886+0000] {standard_task_runner.py:52} INFO - Started process 1444 to run task
[2024-03-22T18:31:01.888+0000] {standard_task_runner.py:79} INFO - Running: ['***', 'tasks', 'run', 'milestone3', 'fetch_data_from_progresql', 'scheduled__2024-03-22T18:30:00+00:00', '--job-id', '145', '--raw', '--subdir', 'DAGS_FOLDER/P2M3_elia_DAG.py', '--cfg-path', '/tmp/tmp2_hqqbq7', '--error-file', '/tmp/tmpxq784_2x']
[2024-03-22T18:31:01.890+0000] {standard_task_runner.py:80} INFO - Job 145: Subtask fetch_data_from_progresql
[2024-03-22T18:31:01.942+0000] {task_command.py:371} INFO - Running <TaskInstance: milestone3.fetch_data_from_progresql scheduled__2024-03-22T18:30:00+00:00 [running]> on host b79cb602ca97
[2024-03-22T18:31:01.994+0000] {taskinstance.py:1583} INFO - Exporting the following env vars:
AIRFLOW_CTX_DAG_OWNER=elia
AIRFLOW_CTX_DAG_ID=milestone3
AIRFLOW_CTX_TASK_ID=fetch_data_from_progresql
AIRFLOW_CTX_EXECUTION_DATE=2024-03-22T18:30:00+00:00
AIRFLOW_CTX_TRY_NUMBER=1
AIRFLOW_CTX_DAG_RUN_ID=scheduled__2024-03-22T18:30:00+00:00
[2024-03-22T18:31:01.995+0000] {taskinstance.py:1902} ERROR - Task failed with exception
Traceback (most recent call last):
  File "/home/airflow/.local/lib/python3.7/site-packages/airflow/operators/python.py", line 171, in execute
    return_value = self.execute_callable()
  File "/home/airflow/.local/lib/python3.7/site-packages/airflow/operators/python.py", line 189, in execute_callable
    return self.python_callable(*self.op_args, **self.op_kwargs)
  File "/opt/airflow/dags/P2M3_elia_DAG.py", line 25, in fetch_data
    connection = psycopg2.connect(connection_string)
  File "/home/airflow/.local/lib/python3.7/site-packages/psycopg2/__init__.py", line 122, in connect
    conn = _connect(dsn, connection_factory=connection_factory, **kwasync)
psycopg2.OperationalError: could not connect to server: Connection refused
	Is the server running on host "localhost" (127.0.0.1) and accepting
	TCP/IP connections on port 5434?
could not connect to server: Cannot assign requested address
	Is the server running on host "localhost" (::1) and accepting
	TCP/IP connections on port 5434?

[2024-03-22T18:31:02.003+0000] {taskinstance.py:1412} INFO - Marking task as UP_FOR_RETRY. dag_id=milestone3, task_id=fetch_data_from_progresql, execution_date=20240322T183000, start_date=20240322T183101, end_date=20240322T183102
[2024-03-22T18:31:02.011+0000] {standard_task_runner.py:97} ERROR - Failed to execute job 145 for task fetch_data_from_progresql (could not connect to server: Connection refused
	Is the server running on host "localhost" (127.0.0.1) and accepting
	TCP/IP connections on port 5434?
could not connect to server: Cannot assign requested address
	Is the server running on host "localhost" (::1) and accepting
	TCP/IP connections on port 5434?
; 1444)
[2024-03-22T18:31:02.028+0000] {local_task_job.py:156} INFO - Task exited with return code 1
[2024-03-22T18:31:02.080+0000] {local_task_job.py:279} INFO - 0 downstream tasks scheduled from follow-on schedule check
[2024-03-22T19:09:11.529+0000] {taskinstance.py:1171} INFO - Dependencies all met for <TaskInstance: milestone3.fetch_data_from_progresql scheduled__2024-03-22T18:30:00+00:00 [queued]>
[2024-03-22T19:09:11.539+0000] {taskinstance.py:1171} INFO - Dependencies all met for <TaskInstance: milestone3.fetch_data_from_progresql scheduled__2024-03-22T18:30:00+00:00 [queued]>
[2024-03-22T19:09:11.539+0000] {taskinstance.py:1368} INFO - 
--------------------------------------------------------------------------------
[2024-03-22T19:09:11.540+0000] {taskinstance.py:1369} INFO - Starting attempt 1 of 2
[2024-03-22T19:09:11.540+0000] {taskinstance.py:1370} INFO - 
--------------------------------------------------------------------------------
[2024-03-22T19:09:11.549+0000] {taskinstance.py:1389} INFO - Executing <Task(PythonOperator): fetch_data_from_progresql> on 2024-03-22 18:30:00+00:00
[2024-03-22T19:09:11.560+0000] {standard_task_runner.py:52} INFO - Started process 2380 to run task
[2024-03-22T19:09:11.576+0000] {standard_task_runner.py:79} INFO - Running: ['***', 'tasks', 'run', 'milestone3', 'fetch_data_from_progresql', 'scheduled__2024-03-22T18:30:00+00:00', '--job-id', '291', '--raw', '--subdir', 'DAGS_FOLDER/P2M3_elia_DAG.py', '--cfg-path', '/tmp/tmpjm9ltmru', '--error-file', '/tmp/tmp01x011ar']
[2024-03-22T19:09:11.579+0000] {standard_task_runner.py:80} INFO - Job 291: Subtask fetch_data_from_progresql
[2024-03-22T19:09:11.652+0000] {task_command.py:371} INFO - Running <TaskInstance: milestone3.fetch_data_from_progresql scheduled__2024-03-22T18:30:00+00:00 [running]> on host b79cb602ca97
[2024-03-22T19:09:11.738+0000] {taskinstance.py:1583} INFO - Exporting the following env vars:
AIRFLOW_CTX_DAG_OWNER=elia
AIRFLOW_CTX_DAG_ID=milestone3
AIRFLOW_CTX_TASK_ID=fetch_data_from_progresql
AIRFLOW_CTX_EXECUTION_DATE=2024-03-22T18:30:00+00:00
AIRFLOW_CTX_TRY_NUMBER=1
AIRFLOW_CTX_DAG_RUN_ID=scheduled__2024-03-22T18:30:00+00:00
[2024-03-22T19:09:12.273+0000] {python.py:173} INFO - Done. Returned value was: None
[2024-03-22T19:09:12.353+0000] {taskinstance.py:1412} INFO - Marking task as SUCCESS. dag_id=milestone3, task_id=fetch_data_from_progresql, execution_date=20240322T183000, start_date=20240322T190911, end_date=20240322T190912
[2024-03-22T19:09:12.416+0000] {local_task_job.py:156} INFO - Task exited with return code 0
[2024-03-22T19:09:12.507+0000] {local_task_job.py:279} INFO - 1 downstream tasks scheduled from follow-on schedule check
[2024-03-22T19:20:47.114+0000] {taskinstance.py:1171} INFO - Dependencies all met for <TaskInstance: milestone3.fetch_data_from_progresql scheduled__2024-03-22T18:30:00+00:00 [queued]>
[2024-03-22T19:20:47.126+0000] {taskinstance.py:1171} INFO - Dependencies all met for <TaskInstance: milestone3.fetch_data_from_progresql scheduled__2024-03-22T18:30:00+00:00 [queued]>
[2024-03-22T19:20:47.126+0000] {taskinstance.py:1368} INFO - 
--------------------------------------------------------------------------------
[2024-03-22T19:20:47.126+0000] {taskinstance.py:1369} INFO - Starting attempt 1 of 2
[2024-03-22T19:20:47.127+0000] {taskinstance.py:1370} INFO - 
--------------------------------------------------------------------------------
[2024-03-22T19:20:47.140+0000] {taskinstance.py:1389} INFO - Executing <Task(PythonOperator): fetch_data_from_progresql> on 2024-03-22 18:30:00+00:00
[2024-03-22T19:20:47.204+0000] {standard_task_runner.py:52} INFO - Started process 2535 to run task
[2024-03-22T19:20:47.237+0000] {standard_task_runner.py:79} INFO - Running: ['***', 'tasks', 'run', 'milestone3', 'fetch_data_from_progresql', 'scheduled__2024-03-22T18:30:00+00:00', '--job-id', '299', '--raw', '--subdir', 'DAGS_FOLDER/P2M3_elia_DAG.py', '--cfg-path', '/tmp/tmp_4bwxmqq', '--error-file', '/tmp/tmp0srnofit']
[2024-03-22T19:20:47.244+0000] {standard_task_runner.py:80} INFO - Job 299: Subtask fetch_data_from_progresql
[2024-03-22T19:20:47.694+0000] {task_command.py:371} INFO - Running <TaskInstance: milestone3.fetch_data_from_progresql scheduled__2024-03-22T18:30:00+00:00 [running]> on host b79cb602ca97
[2024-03-22T19:20:48.175+0000] {taskinstance.py:1583} INFO - Exporting the following env vars:
AIRFLOW_CTX_DAG_OWNER=elia
AIRFLOW_CTX_DAG_ID=milestone3
AIRFLOW_CTX_TASK_ID=fetch_data_from_progresql
AIRFLOW_CTX_EXECUTION_DATE=2024-03-22T18:30:00+00:00
AIRFLOW_CTX_TRY_NUMBER=1
AIRFLOW_CTX_DAG_RUN_ID=scheduled__2024-03-22T18:30:00+00:00
[2024-03-22T19:20:49.116+0000] {python.py:173} INFO - Done. Returned value was: None
[2024-03-22T19:20:49.215+0000] {taskinstance.py:1412} INFO - Marking task as SUCCESS. dag_id=milestone3, task_id=fetch_data_from_progresql, execution_date=20240322T183000, start_date=20240322T192047, end_date=20240322T192049
[2024-03-22T19:20:49.274+0000] {local_task_job.py:156} INFO - Task exited with return code 0
[2024-03-22T19:20:49.379+0000] {local_task_job.py:279} INFO - 1 downstream tasks scheduled from follow-on schedule check
[2024-03-22T19:23:46.171+0000] {taskinstance.py:1171} INFO - Dependencies all met for <TaskInstance: milestone3.fetch_data_from_progresql scheduled__2024-03-22T18:30:00+00:00 [queued]>
[2024-03-22T19:23:46.182+0000] {taskinstance.py:1171} INFO - Dependencies all met for <TaskInstance: milestone3.fetch_data_from_progresql scheduled__2024-03-22T18:30:00+00:00 [queued]>
[2024-03-22T19:23:46.182+0000] {taskinstance.py:1368} INFO - 
--------------------------------------------------------------------------------
[2024-03-22T19:23:46.182+0000] {taskinstance.py:1369} INFO - Starting attempt 1 of 2
[2024-03-22T19:23:46.182+0000] {taskinstance.py:1370} INFO - 
--------------------------------------------------------------------------------
[2024-03-22T19:23:46.195+0000] {taskinstance.py:1389} INFO - Executing <Task(PythonOperator): fetch_data_from_progresql> on 2024-03-22 18:30:00+00:00
[2024-03-22T19:23:46.201+0000] {standard_task_runner.py:52} INFO - Started process 2601 to run task
[2024-03-22T19:23:46.203+0000] {standard_task_runner.py:79} INFO - Running: ['***', 'tasks', 'run', 'milestone3', 'fetch_data_from_progresql', 'scheduled__2024-03-22T18:30:00+00:00', '--job-id', '306', '--raw', '--subdir', 'DAGS_FOLDER/P2M3_elia_DAG.py', '--cfg-path', '/tmp/tmpwy3f5qku', '--error-file', '/tmp/tmplitnljr_']
[2024-03-22T19:23:46.205+0000] {standard_task_runner.py:80} INFO - Job 306: Subtask fetch_data_from_progresql
[2024-03-22T19:23:46.345+0000] {task_command.py:371} INFO - Running <TaskInstance: milestone3.fetch_data_from_progresql scheduled__2024-03-22T18:30:00+00:00 [running]> on host b79cb602ca97
[2024-03-22T19:23:46.442+0000] {taskinstance.py:1583} INFO - Exporting the following env vars:
AIRFLOW_CTX_DAG_OWNER=elia
AIRFLOW_CTX_DAG_ID=milestone3
AIRFLOW_CTX_TASK_ID=fetch_data_from_progresql
AIRFLOW_CTX_EXECUTION_DATE=2024-03-22T18:30:00+00:00
AIRFLOW_CTX_TRY_NUMBER=1
AIRFLOW_CTX_DAG_RUN_ID=scheduled__2024-03-22T18:30:00+00:00
[2024-03-22T19:23:47.769+0000] {python.py:173} INFO - Done. Returned value was: None
[2024-03-22T19:23:47.907+0000] {taskinstance.py:1412} INFO - Marking task as SUCCESS. dag_id=milestone3, task_id=fetch_data_from_progresql, execution_date=20240322T183000, start_date=20240322T192346, end_date=20240322T192347
[2024-03-22T19:23:48.042+0000] {local_task_job.py:156} INFO - Task exited with return code 0
[2024-03-22T19:23:48.178+0000] {local_task_job.py:279} INFO - 1 downstream tasks scheduled from follow-on schedule check
[2024-03-22T19:27:56.654+0000] {taskinstance.py:1171} INFO - Dependencies all met for <TaskInstance: milestone3.fetch_data_from_progresql scheduled__2024-03-22T18:30:00+00:00 [queued]>
[2024-03-22T19:27:56.692+0000] {taskinstance.py:1171} INFO - Dependencies all met for <TaskInstance: milestone3.fetch_data_from_progresql scheduled__2024-03-22T18:30:00+00:00 [queued]>
[2024-03-22T19:27:56.693+0000] {taskinstance.py:1368} INFO - 
--------------------------------------------------------------------------------
[2024-03-22T19:27:56.693+0000] {taskinstance.py:1369} INFO - Starting attempt 1 of 2
[2024-03-22T19:27:56.693+0000] {taskinstance.py:1370} INFO - 
--------------------------------------------------------------------------------
[2024-03-22T19:27:56.714+0000] {taskinstance.py:1389} INFO - Executing <Task(PythonOperator): fetch_data_from_progresql> on 2024-03-22 18:30:00+00:00
[2024-03-22T19:27:56.730+0000] {standard_task_runner.py:52} INFO - Started process 2685 to run task
[2024-03-22T19:27:56.757+0000] {standard_task_runner.py:79} INFO - Running: ['***', 'tasks', 'run', 'milestone3', 'fetch_data_from_progresql', 'scheduled__2024-03-22T18:30:00+00:00', '--job-id', '314', '--raw', '--subdir', 'DAGS_FOLDER/P2M3_elia_DAG.py', '--cfg-path', '/tmp/tmpf0j7iadc', '--error-file', '/tmp/tmp8hb56_zj']
[2024-03-22T19:27:56.761+0000] {standard_task_runner.py:80} INFO - Job 314: Subtask fetch_data_from_progresql
[2024-03-22T19:27:56.882+0000] {task_command.py:371} INFO - Running <TaskInstance: milestone3.fetch_data_from_progresql scheduled__2024-03-22T18:30:00+00:00 [running]> on host b79cb602ca97
[2024-03-22T19:27:56.988+0000] {taskinstance.py:1583} INFO - Exporting the following env vars:
AIRFLOW_CTX_DAG_OWNER=elia
AIRFLOW_CTX_DAG_ID=milestone3
AIRFLOW_CTX_TASK_ID=fetch_data_from_progresql
AIRFLOW_CTX_EXECUTION_DATE=2024-03-22T18:30:00+00:00
AIRFLOW_CTX_TRY_NUMBER=1
AIRFLOW_CTX_DAG_RUN_ID=scheduled__2024-03-22T18:30:00+00:00
[2024-03-22T19:27:57.620+0000] {python.py:173} INFO - Done. Returned value was: None
[2024-03-22T19:27:57.707+0000] {taskinstance.py:1412} INFO - Marking task as SUCCESS. dag_id=milestone3, task_id=fetch_data_from_progresql, execution_date=20240322T183000, start_date=20240322T192756, end_date=20240322T192757
[2024-03-22T19:27:57.750+0000] {local_task_job.py:156} INFO - Task exited with return code 0
[2024-03-22T19:27:57.814+0000] {local_task_job.py:279} INFO - 1 downstream tasks scheduled from follow-on schedule check
