[2024-03-22T18:49:43.380+0000] {taskinstance.py:1171} INFO - Dependencies all met for <TaskInstance: milestone3.clean_data scheduled__2024-03-22T18:47:00+00:00 [queued]>
[2024-03-22T18:49:43.391+0000] {taskinstance.py:1171} INFO - Dependencies all met for <TaskInstance: milestone3.clean_data scheduled__2024-03-22T18:47:00+00:00 [queued]>
[2024-03-22T18:49:43.391+0000] {taskinstance.py:1368} INFO - 
--------------------------------------------------------------------------------
[2024-03-22T18:49:43.391+0000] {taskinstance.py:1369} INFO - Starting attempt 2 of 2
[2024-03-22T18:49:43.392+0000] {taskinstance.py:1370} INFO - 
--------------------------------------------------------------------------------
[2024-03-22T18:49:43.412+0000] {taskinstance.py:1389} INFO - Executing <Task(PythonOperator): clean_data> on 2024-03-22 18:47:00+00:00
[2024-03-22T18:49:43.424+0000] {standard_task_runner.py:52} INFO - Started process 1833 to run task
[2024-03-22T18:49:43.430+0000] {standard_task_runner.py:79} INFO - Running: ['***', 'tasks', 'run', 'milestone3', 'clean_data', 'scheduled__2024-03-22T18:47:00+00:00', '--job-id', '197', '--raw', '--subdir', 'DAGS_FOLDER/P2M3_elia_DAG.py', '--cfg-path', '/tmp/tmptn88ubxn', '--error-file', '/tmp/tmpxu_0gnwp']
[2024-03-22T18:49:43.431+0000] {standard_task_runner.py:80} INFO - Job 197: Subtask clean_data
[2024-03-22T18:49:43.505+0000] {task_command.py:371} INFO - Running <TaskInstance: milestone3.clean_data scheduled__2024-03-22T18:47:00+00:00 [running]> on host b79cb602ca97
[2024-03-22T18:49:43.569+0000] {taskinstance.py:1583} INFO - Exporting the following env vars:
AIRFLOW_CTX_DAG_OWNER=elia
AIRFLOW_CTX_DAG_ID=milestone3
AIRFLOW_CTX_TASK_ID=clean_data
AIRFLOW_CTX_EXECUTION_DATE=2024-03-22T18:47:00+00:00
AIRFLOW_CTX_TRY_NUMBER=2
AIRFLOW_CTX_DAG_RUN_ID=scheduled__2024-03-22T18:47:00+00:00
[2024-03-22T18:49:43.728+0000] {taskinstance.py:1902} ERROR - Task failed with exception
Traceback (most recent call last):
  File "/home/airflow/.local/lib/python3.7/site-packages/airflow/operators/python.py", line 171, in execute
    return_value = self.execute_callable()
  File "/home/airflow/.local/lib/python3.7/site-packages/airflow/operators/python.py", line 189, in execute_callable
    return self.python_callable(*self.op_args, **self.op_kwargs)
  File "/opt/airflow/dags/P2M3_elia_DAG.py", line 45, in clean
    df=df.dropna(subset=['Date']) #drop null data row (no information)
AttributeError: 'NoneType' object has no attribute 'dropna'
[2024-03-22T18:49:43.748+0000] {taskinstance.py:1412} INFO - Marking task as FAILED. dag_id=milestone3, task_id=clean_data, execution_date=20240322T184700, start_date=20240322T184943, end_date=20240322T184943
[2024-03-22T18:49:43.757+0000] {standard_task_runner.py:97} ERROR - Failed to execute job 197 for task clean_data ('NoneType' object has no attribute 'dropna'; 1833)
[2024-03-22T18:49:43.774+0000] {local_task_job.py:156} INFO - Task exited with return code 1
[2024-03-22T18:49:43.842+0000] {local_task_job.py:279} INFO - 0 downstream tasks scheduled from follow-on schedule check
