[2024-03-22T19:01:13.696+0000] {taskinstance.py:1171} INFO - Dependencies all met for <TaskInstance: milestone3.fetch_data_from_progresql scheduled__2024-03-22T19:00:00+00:00 [queued]>
[2024-03-22T19:01:13.761+0000] {taskinstance.py:1171} INFO - Dependencies all met for <TaskInstance: milestone3.fetch_data_from_progresql scheduled__2024-03-22T19:00:00+00:00 [queued]>
[2024-03-22T19:01:13.762+0000] {taskinstance.py:1368} INFO - 
--------------------------------------------------------------------------------
[2024-03-22T19:01:13.763+0000] {taskinstance.py:1369} INFO - Starting attempt 1 of 2
[2024-03-22T19:01:13.764+0000] {taskinstance.py:1370} INFO - 
--------------------------------------------------------------------------------
[2024-03-22T19:01:14.026+0000] {taskinstance.py:1389} INFO - Executing <Task(PythonOperator): fetch_data_from_progresql> on 2024-03-22 19:00:00+00:00
[2024-03-22T19:01:14.099+0000] {standard_task_runner.py:52} INFO - Started process 2144 to run task
[2024-03-22T19:01:14.202+0000] {standard_task_runner.py:79} INFO - Running: ['***', 'tasks', 'run', 'milestone3', 'fetch_data_from_progresql', 'scheduled__2024-03-22T19:00:00+00:00', '--job-id', '247', '--raw', '--subdir', 'DAGS_FOLDER/P2M3_elia_DAG.py', '--cfg-path', '/tmp/tmp2igjh677', '--error-file', '/tmp/tmpu_vw2tku']
[2024-03-22T19:01:14.262+0000] {standard_task_runner.py:80} INFO - Job 247: Subtask fetch_data_from_progresql
[2024-03-22T19:01:15.149+0000] {task_command.py:371} INFO - Running <TaskInstance: milestone3.fetch_data_from_progresql scheduled__2024-03-22T19:00:00+00:00 [running]> on host b79cb602ca97
[2024-03-22T19:01:15.329+0000] {taskinstance.py:1583} INFO - Exporting the following env vars:
AIRFLOW_CTX_DAG_OWNER=elia
AIRFLOW_CTX_DAG_ID=milestone3
AIRFLOW_CTX_TASK_ID=fetch_data_from_progresql
AIRFLOW_CTX_EXECUTION_DATE=2024-03-22T19:00:00+00:00
AIRFLOW_CTX_TRY_NUMBER=1
AIRFLOW_CTX_DAG_RUN_ID=scheduled__2024-03-22T19:00:00+00:00
[2024-03-22T19:01:16.584+0000] {python.py:173} INFO - Done. Returned value was: None
[2024-03-22T19:01:16.892+0000] {taskinstance.py:1412} INFO - Marking task as SUCCESS. dag_id=milestone3, task_id=fetch_data_from_progresql, execution_date=20240322T190000, start_date=20240322T190113, end_date=20240322T190116
[2024-03-22T19:01:17.115+0000] {local_task_job.py:156} INFO - Task exited with return code 0
[2024-03-22T19:01:17.934+0000] {local_task_job.py:279} INFO - 0 downstream tasks scheduled from follow-on schedule check
[2024-03-22T19:30:03.881+0000] {taskinstance.py:1171} INFO - Dependencies all met for <TaskInstance: milestone3.fetch_data_from_progresql scheduled__2024-03-22T19:00:00+00:00 [queued]>
[2024-03-22T19:30:03.945+0000] {taskinstance.py:1171} INFO - Dependencies all met for <TaskInstance: milestone3.fetch_data_from_progresql scheduled__2024-03-22T19:00:00+00:00 [queued]>
[2024-03-22T19:30:03.950+0000] {taskinstance.py:1368} INFO - 
--------------------------------------------------------------------------------
[2024-03-22T19:30:03.951+0000] {taskinstance.py:1369} INFO - Starting attempt 1 of 2
[2024-03-22T19:30:03.955+0000] {taskinstance.py:1370} INFO - 
--------------------------------------------------------------------------------
[2024-03-22T19:30:04.126+0000] {taskinstance.py:1389} INFO - Executing <Task(PythonOperator): fetch_data_from_progresql> on 2024-03-22 19:00:00+00:00
[2024-03-22T19:30:04.170+0000] {standard_task_runner.py:52} INFO - Started process 2719 to run task
[2024-03-22T19:30:04.192+0000] {standard_task_runner.py:79} INFO - Running: ['***', 'tasks', 'run', 'milestone3', 'fetch_data_from_progresql', 'scheduled__2024-03-22T19:00:00+00:00', '--job-id', '320', '--raw', '--subdir', 'DAGS_FOLDER/P2M3_elia_DAG.py', '--cfg-path', '/tmp/tmpyyvliysr', '--error-file', '/tmp/tmpo9b5fc35']
[2024-03-22T19:30:04.195+0000] {standard_task_runner.py:80} INFO - Job 320: Subtask fetch_data_from_progresql
[2024-03-22T19:30:06.723+0000] {task_command.py:371} INFO - Running <TaskInstance: milestone3.fetch_data_from_progresql scheduled__2024-03-22T19:00:00+00:00 [running]> on host b79cb602ca97
[2024-03-22T19:30:06.993+0000] {taskinstance.py:1583} INFO - Exporting the following env vars:
AIRFLOW_CTX_DAG_OWNER=elia
AIRFLOW_CTX_DAG_ID=milestone3
AIRFLOW_CTX_TASK_ID=fetch_data_from_progresql
AIRFLOW_CTX_EXECUTION_DATE=2024-03-22T19:00:00+00:00
AIRFLOW_CTX_TRY_NUMBER=1
AIRFLOW_CTX_DAG_RUN_ID=scheduled__2024-03-22T19:00:00+00:00
[2024-03-22T19:30:08.291+0000] {python.py:173} INFO - Done. Returned value was: None
[2024-03-22T19:30:08.496+0000] {taskinstance.py:1412} INFO - Marking task as SUCCESS. dag_id=milestone3, task_id=fetch_data_from_progresql, execution_date=20240322T190000, start_date=20240322T193003, end_date=20240322T193008
[2024-03-22T19:30:08.675+0000] {local_task_job.py:156} INFO - Task exited with return code 0
[2024-03-22T19:30:08.942+0000] {local_task_job.py:279} INFO - 1 downstream tasks scheduled from follow-on schedule check
