[2024-03-23T14:17:10.553+0000] {taskinstance.py:1171} INFO - Dependencies all met for <TaskInstance: milestone3.fetch_data_from_progresql manual__2024-03-23T14:17:05.871375+00:00 [queued]>
[2024-03-23T14:17:10.580+0000] {taskinstance.py:1171} INFO - Dependencies all met for <TaskInstance: milestone3.fetch_data_from_progresql manual__2024-03-23T14:17:05.871375+00:00 [queued]>
[2024-03-23T14:17:10.582+0000] {taskinstance.py:1368} INFO - 
--------------------------------------------------------------------------------
[2024-03-23T14:17:10.582+0000] {taskinstance.py:1369} INFO - Starting attempt 1 of 1
[2024-03-23T14:17:10.582+0000] {taskinstance.py:1370} INFO - 
--------------------------------------------------------------------------------
[2024-03-23T14:17:10.644+0000] {taskinstance.py:1389} INFO - Executing <Task(PythonOperator): fetch_data_from_progresql> on 2024-03-23 14:17:05.871375+00:00
[2024-03-23T14:17:10.666+0000] {standard_task_runner.py:52} INFO - Started process 448 to run task
[2024-03-23T14:17:10.681+0000] {standard_task_runner.py:79} INFO - Running: ['***', 'tasks', 'run', 'milestone3', 'fetch_data_from_progresql', 'manual__2024-03-23T14:17:05.871375+00:00', '--job-id', '413', '--raw', '--subdir', 'DAGS_FOLDER/P2M3_elia_DAG.py', '--cfg-path', '/tmp/tmpk1qvrbdv', '--error-file', '/tmp/tmpwqrn4vom']
[2024-03-23T14:17:10.693+0000] {standard_task_runner.py:80} INFO - Job 413: Subtask fetch_data_from_progresql
[2024-03-23T14:17:17.680+0000] {task_command.py:371} INFO - Running <TaskInstance: milestone3.fetch_data_from_progresql manual__2024-03-23T14:17:05.871375+00:00 [running]> on host 688eb1d4f3b5
[2024-03-23T14:17:24.313+0000] {taskinstance.py:1583} INFO - Exporting the following env vars:
AIRFLOW_CTX_DAG_OWNER=elia
AIRFLOW_CTX_DAG_ID=milestone3
AIRFLOW_CTX_TASK_ID=fetch_data_from_progresql
AIRFLOW_CTX_EXECUTION_DATE=2024-03-23T14:17:05.871375+00:00
AIRFLOW_CTX_TRY_NUMBER=1
AIRFLOW_CTX_DAG_RUN_ID=manual__2024-03-23T14:17:05.871375+00:00
[2024-03-23T14:17:28.936+0000] {python.py:173} INFO - Done. Returned value was: None
[2024-03-23T14:17:29.264+0000] {taskinstance.py:1412} INFO - Marking task as SUCCESS. dag_id=milestone3, task_id=fetch_data_from_progresql, execution_date=20240323T141705, start_date=20240323T141710, end_date=20240323T141729
[2024-03-23T14:17:29.393+0000] {local_task_job.py:227} WARNING - State of this instance has been externally set to success. Terminating instance.
