[2024-03-23T14:08:07.380+0000] {taskinstance.py:1171} INFO - Dependencies all met for <TaskInstance: milestone3.fetch_data_from_progresql manual__2024-03-23T14:08:01.918828+00:00 [queued]>
[2024-03-23T14:08:07.392+0000] {taskinstance.py:1171} INFO - Dependencies all met for <TaskInstance: milestone3.fetch_data_from_progresql manual__2024-03-23T14:08:01.918828+00:00 [queued]>
[2024-03-23T14:08:07.392+0000] {taskinstance.py:1368} INFO - 
--------------------------------------------------------------------------------
[2024-03-23T14:08:07.392+0000] {taskinstance.py:1369} INFO - Starting attempt 1 of 1
[2024-03-23T14:08:07.392+0000] {taskinstance.py:1370} INFO - 
--------------------------------------------------------------------------------
[2024-03-23T14:08:07.403+0000] {taskinstance.py:1389} INFO - Executing <Task(PythonOperator): fetch_data_from_progresql> on 2024-03-23 14:08:01.918828+00:00
[2024-03-23T14:08:07.415+0000] {standard_task_runner.py:52} INFO - Started process 300 to run task
[2024-03-23T14:08:07.426+0000] {standard_task_runner.py:79} INFO - Running: ['***', 'tasks', 'run', 'milestone3', 'fetch_data_from_progresql', 'manual__2024-03-23T14:08:01.918828+00:00', '--job-id', '401', '--raw', '--subdir', 'DAGS_FOLDER/P2M3_elia_DAG.py', '--cfg-path', '/tmp/tmp7eocz35o', '--error-file', '/tmp/tmpwpdzgbk4']
[2024-03-23T14:08:07.429+0000] {standard_task_runner.py:80} INFO - Job 401: Subtask fetch_data_from_progresql
[2024-03-23T14:08:07.494+0000] {task_command.py:371} INFO - Running <TaskInstance: milestone3.fetch_data_from_progresql manual__2024-03-23T14:08:01.918828+00:00 [running]> on host 688eb1d4f3b5
[2024-03-23T14:08:07.572+0000] {taskinstance.py:1583} INFO - Exporting the following env vars:
AIRFLOW_CTX_DAG_OWNER=elia
AIRFLOW_CTX_DAG_ID=milestone3
AIRFLOW_CTX_TASK_ID=fetch_data_from_progresql
AIRFLOW_CTX_EXECUTION_DATE=2024-03-23T14:08:01.918828+00:00
AIRFLOW_CTX_TRY_NUMBER=1
AIRFLOW_CTX_DAG_RUN_ID=manual__2024-03-23T14:08:01.918828+00:00
[2024-03-23T14:08:08.026+0000] {python.py:173} INFO - Done. Returned value was: None
[2024-03-23T14:08:08.052+0000] {taskinstance.py:1412} INFO - Marking task as SUCCESS. dag_id=milestone3, task_id=fetch_data_from_progresql, execution_date=20240323T140801, start_date=20240323T140807, end_date=20240323T140808
[2024-03-23T14:08:08.100+0000] {local_task_job.py:156} INFO - Task exited with return code 0
[2024-03-23T14:08:08.150+0000] {local_task_job.py:279} INFO - 1 downstream tasks scheduled from follow-on schedule check
