[2024-03-22T18:58:29.055+0000] {taskinstance.py:1171} INFO - Dependencies all met for <TaskInstance: milestone3.fetch_data_from_progresql scheduled__2024-03-22T18:57:00+00:00 [queued]>
[2024-03-22T18:58:29.086+0000] {taskinstance.py:1171} INFO - Dependencies all met for <TaskInstance: milestone3.fetch_data_from_progresql scheduled__2024-03-22T18:57:00+00:00 [queued]>
[2024-03-22T18:58:29.087+0000] {taskinstance.py:1368} INFO - 
--------------------------------------------------------------------------------
[2024-03-22T18:58:29.088+0000] {taskinstance.py:1369} INFO - Starting attempt 1 of 2
[2024-03-22T18:58:29.089+0000] {taskinstance.py:1370} INFO - 
--------------------------------------------------------------------------------
[2024-03-22T18:58:29.110+0000] {taskinstance.py:1389} INFO - Executing <Task(PythonOperator): fetch_data_from_progresql> on 2024-03-22 18:57:00+00:00
[2024-03-22T18:58:29.120+0000] {standard_task_runner.py:52} INFO - Started process 2067 to run task
[2024-03-22T18:58:29.132+0000] {standard_task_runner.py:79} INFO - Running: ['***', 'tasks', 'run', 'milestone3', 'fetch_data_from_progresql', 'scheduled__2024-03-22T18:57:00+00:00', '--job-id', '233', '--raw', '--subdir', 'DAGS_FOLDER/P2M3_elia_DAG.py', '--cfg-path', '/tmp/tmpntcy3g7e', '--error-file', '/tmp/tmpgtfo49_5']
[2024-03-22T18:58:29.138+0000] {standard_task_runner.py:80} INFO - Job 233: Subtask fetch_data_from_progresql
[2024-03-22T18:58:29.349+0000] {task_command.py:371} INFO - Running <TaskInstance: milestone3.fetch_data_from_progresql scheduled__2024-03-22T18:57:00+00:00 [running]> on host b79cb602ca97
[2024-03-22T18:58:29.537+0000] {taskinstance.py:1583} INFO - Exporting the following env vars:
AIRFLOW_CTX_DAG_OWNER=elia
AIRFLOW_CTX_DAG_ID=milestone3
AIRFLOW_CTX_TASK_ID=fetch_data_from_progresql
AIRFLOW_CTX_EXECUTION_DATE=2024-03-22T18:57:00+00:00
AIRFLOW_CTX_TRY_NUMBER=1
AIRFLOW_CTX_DAG_RUN_ID=scheduled__2024-03-22T18:57:00+00:00
[2024-03-22T18:58:30.218+0000] {python.py:173} INFO - Done. Returned value was: None
[2024-03-22T18:58:30.326+0000] {taskinstance.py:1412} INFO - Marking task as SUCCESS. dag_id=milestone3, task_id=fetch_data_from_progresql, execution_date=20240322T185700, start_date=20240322T185829, end_date=20240322T185830
[2024-03-22T18:58:30.397+0000] {local_task_job.py:156} INFO - Task exited with return code 0
[2024-03-22T18:58:30.465+0000] {local_task_job.py:279} INFO - 1 downstream tasks scheduled from follow-on schedule check
