[2024-03-22T17:24:02.416+0000] {taskinstance.py:1171} INFO - Dependencies all met for <TaskInstance: milestone3.fetch_data_from_progresql scheduled__2024-03-22T17:23:00+00:00 [queued]>
[2024-03-22T17:24:02.422+0000] {taskinstance.py:1171} INFO - Dependencies all met for <TaskInstance: milestone3.fetch_data_from_progresql scheduled__2024-03-22T17:23:00+00:00 [queued]>
[2024-03-22T17:24:02.422+0000] {taskinstance.py:1368} INFO - 
--------------------------------------------------------------------------------
[2024-03-22T17:24:02.422+0000] {taskinstance.py:1369} INFO - Starting attempt 1 of 2
[2024-03-22T17:24:02.423+0000] {taskinstance.py:1370} INFO - 
--------------------------------------------------------------------------------
[2024-03-22T17:24:02.431+0000] {taskinstance.py:1389} INFO - Executing <Task(PythonOperator): fetch_data_from_progresql> on 2024-03-22 17:23:00+00:00
[2024-03-22T17:24:02.438+0000] {standard_task_runner.py:52} INFO - Started process 238 to run task
[2024-03-22T17:24:02.440+0000] {standard_task_runner.py:79} INFO - Running: ['***', 'tasks', 'run', 'milestone3', 'fetch_data_from_progresql', 'scheduled__2024-03-22T17:23:00+00:00', '--job-id', '7', '--raw', '--subdir', 'DAGS_FOLDER/P2M3_elia_DAG.py', '--cfg-path', '/tmp/tmpyj3ypyuc', '--error-file', '/tmp/tmp90_a51_s']
[2024-03-22T17:24:02.441+0000] {standard_task_runner.py:80} INFO - Job 7: Subtask fetch_data_from_progresql
[2024-03-22T17:24:02.507+0000] {task_command.py:371} INFO - Running <TaskInstance: milestone3.fetch_data_from_progresql scheduled__2024-03-22T17:23:00+00:00 [running]> on host b79cb602ca97
[2024-03-22T17:24:02.556+0000] {taskinstance.py:1583} INFO - Exporting the following env vars:
AIRFLOW_CTX_DAG_OWNER=elia
AIRFLOW_CTX_DAG_ID=milestone3
AIRFLOW_CTX_TASK_ID=fetch_data_from_progresql
AIRFLOW_CTX_EXECUTION_DATE=2024-03-22T17:23:00+00:00
AIRFLOW_CTX_TRY_NUMBER=1
AIRFLOW_CTX_DAG_RUN_ID=scheduled__2024-03-22T17:23:00+00:00
[2024-03-22T17:24:02.560+0000] {taskinstance.py:1902} ERROR - Task failed with exception
Traceback (most recent call last):
  File "/home/airflow/.local/lib/python3.7/site-packages/airflow/operators/python.py", line 171, in execute
    return_value = self.execute_callable()
  File "/home/airflow/.local/lib/python3.7/site-packages/airflow/operators/python.py", line 189, in execute_callable
    return self.python_callable(*self.op_args, **self.op_kwargs)
  File "/opt/airflow/dags/P2M3_elia_DAG.py", line 25, in fetch_data
    connection = psycopg2.connect(connection_string)
  File "/home/airflow/.local/lib/python3.7/site-packages/psycopg2/__init__.py", line 122, in connect
    conn = _connect(dsn, connection_factory=connection_factory, **kwasync)
psycopg2.OperationalError: FATAL:  database "milestone" does not exist

[2024-03-22T17:24:02.569+0000] {taskinstance.py:1412} INFO - Marking task as UP_FOR_RETRY. dag_id=milestone3, task_id=fetch_data_from_progresql, execution_date=20240322T172300, start_date=20240322T172402, end_date=20240322T172402
[2024-03-22T17:24:02.575+0000] {standard_task_runner.py:97} ERROR - Failed to execute job 7 for task fetch_data_from_progresql (FATAL:  database "milestone" does not exist
; 238)
[2024-03-22T17:24:02.622+0000] {local_task_job.py:156} INFO - Task exited with return code 1
[2024-03-22T17:24:02.653+0000] {local_task_job.py:279} INFO - 0 downstream tasks scheduled from follow-on schedule check
