[2024-03-22T22:48:32.810+0000] {taskinstance.py:1171} INFO - Dependencies all met for <TaskInstance: milestone3.fetch_data_from_progresql scheduled__2024-03-22T22:00:00+00:00 [queued]>
[2024-03-22T22:48:32.826+0000] {taskinstance.py:1171} INFO - Dependencies all met for <TaskInstance: milestone3.fetch_data_from_progresql scheduled__2024-03-22T22:00:00+00:00 [queued]>
[2024-03-22T22:48:32.827+0000] {taskinstance.py:1368} INFO - 
--------------------------------------------------------------------------------
[2024-03-22T22:48:32.827+0000] {taskinstance.py:1369} INFO - Starting attempt 1 of 2
[2024-03-22T22:48:32.827+0000] {taskinstance.py:1370} INFO - 
--------------------------------------------------------------------------------
[2024-03-22T22:48:32.855+0000] {taskinstance.py:1389} INFO - Executing <Task(PythonOperator): fetch_data_from_progresql> on 2024-03-22 22:00:00+00:00
[2024-03-22T22:48:32.886+0000] {standard_task_runner.py:52} INFO - Started process 4461 to run task
[2024-03-22T22:48:32.898+0000] {standard_task_runner.py:79} INFO - Running: ['***', 'tasks', 'run', 'milestone3', 'fetch_data_from_progresql', 'scheduled__2024-03-22T22:00:00+00:00', '--job-id', '338', '--raw', '--subdir', 'DAGS_FOLDER/P2M3_elia_DAG.py', '--cfg-path', '/tmp/tmpgfvcnri3', '--error-file', '/tmp/tmp3irae9al']
[2024-03-22T22:48:32.900+0000] {standard_task_runner.py:80} INFO - Job 338: Subtask fetch_data_from_progresql
[2024-03-22T22:48:33.000+0000] {task_command.py:371} INFO - Running <TaskInstance: milestone3.fetch_data_from_progresql scheduled__2024-03-22T22:00:00+00:00 [running]> on host b79cb602ca97
[2024-03-22T22:48:33.199+0000] {taskinstance.py:1583} INFO - Exporting the following env vars:
AIRFLOW_CTX_DAG_OWNER=elia
AIRFLOW_CTX_DAG_ID=milestone3
AIRFLOW_CTX_TASK_ID=fetch_data_from_progresql
AIRFLOW_CTX_EXECUTION_DATE=2024-03-22T22:00:00+00:00
AIRFLOW_CTX_TRY_NUMBER=1
AIRFLOW_CTX_DAG_RUN_ID=scheduled__2024-03-22T22:00:00+00:00
[2024-03-22T22:48:34.196+0000] {python.py:173} INFO - Done. Returned value was: None
[2024-03-22T22:48:34.282+0000] {taskinstance.py:1412} INFO - Marking task as SUCCESS. dag_id=milestone3, task_id=fetch_data_from_progresql, execution_date=20240322T220000, start_date=20240322T224832, end_date=20240322T224834
[2024-03-22T22:48:34.358+0000] {local_task_job.py:156} INFO - Task exited with return code 0
[2024-03-22T22:48:34.658+0000] {local_task_job.py:279} INFO - 1 downstream tasks scheduled from follow-on schedule check
