[2024-03-23T09:30:10.182+0000] {taskinstance.py:1171} INFO - Dependencies all met for <TaskInstance: milestone3.clean_data scheduled__2024-03-23T09:00:00+00:00 [queued]>
[2024-03-23T09:30:10.191+0000] {taskinstance.py:1171} INFO - Dependencies all met for <TaskInstance: milestone3.clean_data scheduled__2024-03-23T09:00:00+00:00 [queued]>
[2024-03-23T09:30:10.191+0000] {taskinstance.py:1368} INFO - 
--------------------------------------------------------------------------------
[2024-03-23T09:30:10.191+0000] {taskinstance.py:1369} INFO - Starting attempt 1 of 1
[2024-03-23T09:30:10.191+0000] {taskinstance.py:1370} INFO - 
--------------------------------------------------------------------------------
[2024-03-23T09:30:10.199+0000] {taskinstance.py:1389} INFO - Executing <Task(PythonOperator): clean_data> on 2024-03-23 09:00:00+00:00
[2024-03-23T09:30:10.207+0000] {standard_task_runner.py:52} INFO - Started process 1314 to run task
[2024-03-23T09:30:10.209+0000] {standard_task_runner.py:79} INFO - Running: ['***', 'tasks', 'run', 'milestone3', 'clean_data', 'scheduled__2024-03-23T09:00:00+00:00', '--job-id', '374', '--raw', '--subdir', 'DAGS_FOLDER/P2M3_elia_DAG.py', '--cfg-path', '/tmp/tmp7g3tz3wg', '--error-file', '/tmp/tmp7uuiq3c7']
[2024-03-23T09:30:10.210+0000] {standard_task_runner.py:80} INFO - Job 374: Subtask clean_data
[2024-03-23T09:30:10.279+0000] {task_command.py:371} INFO - Running <TaskInstance: milestone3.clean_data scheduled__2024-03-23T09:00:00+00:00 [running]> on host b73a5d249fb9
[2024-03-23T09:30:10.334+0000] {taskinstance.py:1583} INFO - Exporting the following env vars:
AIRFLOW_CTX_DAG_OWNER=elia
AIRFLOW_CTX_DAG_ID=milestone3
AIRFLOW_CTX_TASK_ID=clean_data
AIRFLOW_CTX_EXECUTION_DATE=2024-03-23T09:00:00+00:00
AIRFLOW_CTX_TRY_NUMBER=1
AIRFLOW_CTX_DAG_RUN_ID=scheduled__2024-03-23T09:00:00+00:00
[2024-03-23T09:30:10.673+0000] {python.py:173} INFO - Done. Returned value was: None
[2024-03-23T09:30:10.690+0000] {taskinstance.py:1412} INFO - Marking task as SUCCESS. dag_id=milestone3, task_id=clean_data, execution_date=20240323T090000, start_date=20240323T093010, end_date=20240323T093010
[2024-03-23T09:30:10.718+0000] {local_task_job.py:156} INFO - Task exited with return code 0
[2024-03-23T09:30:10.751+0000] {local_task_job.py:279} INFO - 1 downstream tasks scheduled from follow-on schedule check
