[2024-03-23T12:51:10.099+0000] {taskinstance.py:1171} INFO - Dependencies all met for <TaskInstance: milestone3.fetch_data_from_progresql scheduled__2024-03-23T12:00:00+00:00 [queued]>
[2024-03-23T12:51:10.118+0000] {taskinstance.py:1171} INFO - Dependencies all met for <TaskInstance: milestone3.fetch_data_from_progresql scheduled__2024-03-23T12:00:00+00:00 [queued]>
[2024-03-23T12:51:10.119+0000] {taskinstance.py:1368} INFO - 
--------------------------------------------------------------------------------
[2024-03-23T12:51:10.123+0000] {taskinstance.py:1369} INFO - Starting attempt 1 of 1
[2024-03-23T12:51:10.124+0000] {taskinstance.py:1370} INFO - 
--------------------------------------------------------------------------------
[2024-03-23T12:51:10.141+0000] {taskinstance.py:1389} INFO - Executing <Task(PythonOperator): fetch_data_from_progresql> on 2024-03-23 12:00:00+00:00
[2024-03-23T12:51:10.154+0000] {standard_task_runner.py:52} INFO - Started process 2730 to run task
[2024-03-23T12:51:10.160+0000] {standard_task_runner.py:79} INFO - Running: ['***', 'tasks', 'run', 'milestone3', 'fetch_data_from_progresql', 'scheduled__2024-03-23T12:00:00+00:00', '--job-id', '389', '--raw', '--subdir', 'DAGS_FOLDER/P2M3_elia_DAG.py', '--cfg-path', '/tmp/tmphlcshukp', '--error-file', '/tmp/tmpgzq88x6t']
[2024-03-23T12:51:10.162+0000] {standard_task_runner.py:80} INFO - Job 389: Subtask fetch_data_from_progresql
[2024-03-23T12:51:10.271+0000] {task_command.py:371} INFO - Running <TaskInstance: milestone3.fetch_data_from_progresql scheduled__2024-03-23T12:00:00+00:00 [running]> on host b73a5d249fb9
[2024-03-23T12:51:10.391+0000] {taskinstance.py:1583} INFO - Exporting the following env vars:
AIRFLOW_CTX_DAG_OWNER=elia
AIRFLOW_CTX_DAG_ID=milestone3
AIRFLOW_CTX_TASK_ID=fetch_data_from_progresql
AIRFLOW_CTX_EXECUTION_DATE=2024-03-23T12:00:00+00:00
AIRFLOW_CTX_TRY_NUMBER=1
AIRFLOW_CTX_DAG_RUN_ID=scheduled__2024-03-23T12:00:00+00:00
[2024-03-23T12:51:11.488+0000] {python.py:173} INFO - Done. Returned value was: None
[2024-03-23T12:51:11.523+0000] {taskinstance.py:1412} INFO - Marking task as SUCCESS. dag_id=milestone3, task_id=fetch_data_from_progresql, execution_date=20240323T120000, start_date=20240323T125110, end_date=20240323T125111
[2024-03-23T12:51:11.579+0000] {local_task_job.py:156} INFO - Task exited with return code 0
[2024-03-23T12:51:11.669+0000] {local_task_job.py:279} INFO - 1 downstream tasks scheduled from follow-on schedule check
