[2024-03-22T19:00:01.769+0000] {taskinstance.py:1171} INFO - Dependencies all met for <TaskInstance: milestone3.fetch_data_from_progresql scheduled__2024-03-22T18:59:00+00:00 [queued]>
[2024-03-22T19:00:01.777+0000] {taskinstance.py:1171} INFO - Dependencies all met for <TaskInstance: milestone3.fetch_data_from_progresql scheduled__2024-03-22T18:59:00+00:00 [queued]>
[2024-03-22T19:00:01.778+0000] {taskinstance.py:1368} INFO - 
--------------------------------------------------------------------------------
[2024-03-22T19:00:01.778+0000] {taskinstance.py:1369} INFO - Starting attempt 1 of 2
[2024-03-22T19:00:01.778+0000] {taskinstance.py:1370} INFO - 
--------------------------------------------------------------------------------
[2024-03-22T19:00:01.787+0000] {taskinstance.py:1389} INFO - Executing <Task(PythonOperator): fetch_data_from_progresql> on 2024-03-22 18:59:00+00:00
[2024-03-22T19:00:01.798+0000] {standard_task_runner.py:52} INFO - Started process 2107 to run task
[2024-03-22T19:00:01.821+0000] {standard_task_runner.py:79} INFO - Running: ['***', 'tasks', 'run', 'milestone3', 'fetch_data_from_progresql', 'scheduled__2024-03-22T18:59:00+00:00', '--job-id', '240', '--raw', '--subdir', 'DAGS_FOLDER/P2M3_elia_DAG.py', '--cfg-path', '/tmp/tmpc0tdw4b9', '--error-file', '/tmp/tmpkp35kacq']
[2024-03-22T19:00:01.824+0000] {standard_task_runner.py:80} INFO - Job 240: Subtask fetch_data_from_progresql
[2024-03-22T19:00:01.890+0000] {task_command.py:371} INFO - Running <TaskInstance: milestone3.fetch_data_from_progresql scheduled__2024-03-22T18:59:00+00:00 [running]> on host b79cb602ca97
[2024-03-22T19:00:01.956+0000] {taskinstance.py:1583} INFO - Exporting the following env vars:
AIRFLOW_CTX_DAG_OWNER=elia
AIRFLOW_CTX_DAG_ID=milestone3
AIRFLOW_CTX_TASK_ID=fetch_data_from_progresql
AIRFLOW_CTX_EXECUTION_DATE=2024-03-22T18:59:00+00:00
AIRFLOW_CTX_TRY_NUMBER=1
AIRFLOW_CTX_DAG_RUN_ID=scheduled__2024-03-22T18:59:00+00:00
[2024-03-22T19:00:02.841+0000] {python.py:173} INFO - Done. Returned value was: None
[2024-03-22T19:00:02.915+0000] {taskinstance.py:1412} INFO - Marking task as SUCCESS. dag_id=milestone3, task_id=fetch_data_from_progresql, execution_date=20240322T185900, start_date=20240322T190001, end_date=20240322T190002
[2024-03-22T19:00:02.977+0000] {local_task_job.py:156} INFO - Task exited with return code 0
[2024-03-22T19:00:03.105+0000] {local_task_job.py:279} INFO - 1 downstream tasks scheduled from follow-on schedule check
[2024-03-22T19:01:13.696+0000] {taskinstance.py:1171} INFO - Dependencies all met for <TaskInstance: milestone3.fetch_data_from_progresql scheduled__2024-03-22T18:59:00+00:00 [queued]>
[2024-03-22T19:01:13.764+0000] {taskinstance.py:1171} INFO - Dependencies all met for <TaskInstance: milestone3.fetch_data_from_progresql scheduled__2024-03-22T18:59:00+00:00 [queued]>
[2024-03-22T19:01:13.765+0000] {taskinstance.py:1368} INFO - 
--------------------------------------------------------------------------------
[2024-03-22T19:01:13.765+0000] {taskinstance.py:1369} INFO - Starting attempt 1 of 2
[2024-03-22T19:01:13.766+0000] {taskinstance.py:1370} INFO - 
--------------------------------------------------------------------------------
[2024-03-22T19:01:14.026+0000] {taskinstance.py:1389} INFO - Executing <Task(PythonOperator): fetch_data_from_progresql> on 2024-03-22 18:59:00+00:00
[2024-03-22T19:01:14.098+0000] {standard_task_runner.py:52} INFO - Started process 2145 to run task
[2024-03-22T19:01:14.204+0000] {standard_task_runner.py:79} INFO - Running: ['***', 'tasks', 'run', 'milestone3', 'fetch_data_from_progresql', 'scheduled__2024-03-22T18:59:00+00:00', '--job-id', '245', '--raw', '--subdir', 'DAGS_FOLDER/P2M3_elia_DAG.py', '--cfg-path', '/tmp/tmpu6y51on8', '--error-file', '/tmp/tmpd73nq9v3']
[2024-03-22T19:01:14.262+0000] {standard_task_runner.py:80} INFO - Job 245: Subtask fetch_data_from_progresql
[2024-03-22T19:01:15.151+0000] {task_command.py:371} INFO - Running <TaskInstance: milestone3.fetch_data_from_progresql scheduled__2024-03-22T18:59:00+00:00 [running]> on host b79cb602ca97
[2024-03-22T19:01:15.320+0000] {taskinstance.py:1583} INFO - Exporting the following env vars:
AIRFLOW_CTX_DAG_OWNER=elia
AIRFLOW_CTX_DAG_ID=milestone3
AIRFLOW_CTX_TASK_ID=fetch_data_from_progresql
AIRFLOW_CTX_EXECUTION_DATE=2024-03-22T18:59:00+00:00
AIRFLOW_CTX_TRY_NUMBER=1
AIRFLOW_CTX_DAG_RUN_ID=scheduled__2024-03-22T18:59:00+00:00
[2024-03-22T19:01:16.452+0000] {python.py:173} INFO - Done. Returned value was: None
[2024-03-22T19:01:16.583+0000] {taskinstance.py:1412} INFO - Marking task as SUCCESS. dag_id=milestone3, task_id=fetch_data_from_progresql, execution_date=20240322T185900, start_date=20240322T190113, end_date=20240322T190116
[2024-03-22T19:01:16.849+0000] {local_task_job.py:156} INFO - Task exited with return code 0
[2024-03-22T19:01:17.583+0000] {local_task_job.py:279} INFO - 1 downstream tasks scheduled from follow-on schedule check
