[2024-03-23T07:44:53.989+0000] {taskinstance.py:1171} INFO - Dependencies all met for <TaskInstance: milestone3.clean_data scheduled__2024-03-23T07:00:00+00:00 [queued]>
[2024-03-23T07:44:54.027+0000] {taskinstance.py:1171} INFO - Dependencies all met for <TaskInstance: milestone3.clean_data scheduled__2024-03-23T07:00:00+00:00 [queued]>
[2024-03-23T07:44:54.028+0000] {taskinstance.py:1368} INFO - 
--------------------------------------------------------------------------------
[2024-03-23T07:44:54.028+0000] {taskinstance.py:1369} INFO - Starting attempt 1 of 2
[2024-03-23T07:44:54.029+0000] {taskinstance.py:1370} INFO - 
--------------------------------------------------------------------------------
[2024-03-23T07:44:54.048+0000] {taskinstance.py:1389} INFO - Executing <Task(PythonOperator): clean_data> on 2024-03-23 07:00:00+00:00
[2024-03-23T07:44:54.072+0000] {standard_task_runner.py:52} INFO - Started process 210 to run task
[2024-03-23T07:44:54.083+0000] {standard_task_runner.py:79} INFO - Running: ['***', 'tasks', 'run', 'milestone3', 'clean_data', 'scheduled__2024-03-23T07:00:00+00:00', '--job-id', '361', '--raw', '--subdir', 'DAGS_FOLDER/P2M3_elia_DAG.py', '--cfg-path', '/tmp/tmpwej8lyaw', '--error-file', '/tmp/tmp9demz1up']
[2024-03-23T07:44:54.086+0000] {standard_task_runner.py:80} INFO - Job 361: Subtask clean_data
[2024-03-23T07:44:54.246+0000] {task_command.py:371} INFO - Running <TaskInstance: milestone3.clean_data scheduled__2024-03-23T07:00:00+00:00 [running]> on host 80b200fb75a8
[2024-03-23T07:44:54.406+0000] {taskinstance.py:1583} INFO - Exporting the following env vars:
AIRFLOW_CTX_DAG_OWNER=elia
AIRFLOW_CTX_DAG_ID=milestone3
AIRFLOW_CTX_TASK_ID=clean_data
AIRFLOW_CTX_EXECUTION_DATE=2024-03-23T07:00:00+00:00
AIRFLOW_CTX_TRY_NUMBER=1
AIRFLOW_CTX_DAG_RUN_ID=scheduled__2024-03-23T07:00:00+00:00
[2024-03-23T07:44:55.269+0000] {python.py:173} INFO - Done. Returned value was: None
[2024-03-23T07:44:55.441+0000] {taskinstance.py:1412} INFO - Marking task as SUCCESS. dag_id=milestone3, task_id=clean_data, execution_date=20240323T070000, start_date=20240323T074454, end_date=20240323T074455
[2024-03-23T07:44:55.536+0000] {local_task_job.py:156} INFO - Task exited with return code 0
[2024-03-23T07:44:55.639+0000] {local_task_job.py:279} INFO - 1 downstream tasks scheduled from follow-on schedule check
